INFO:werkzeug:[31m[1mWARNING: This is a development server. Do not use it in a production deployment. Use a production WSGI server instead.[0m
 * Running on http://127.0.0.1:5000
INFO:werkzeug:[33mPress CTRL+C to quit[0m
INFO:werkzeug: * Restarting with stat
WARNING:werkzeug: * Debugger is active!
INFO:werkzeug: * Debugger PIN: 502-264-792
INFO:nutrition_tracker_controller:Testing the /test endpoint
INFO:werkzeug:127.0.0.1 - - [22/Nov/2023 16:01:06] "GET /test HTTP/1.1" 200 -
ERROR:nutrition_tracker_controller:Error processing nutrition data: 'UPLOAD_FOLDER'
INFO:werkzeug:127.0.0.1 - - [22/Nov/2023 16:01:56] "[35m[1mPOST /serve_nutrition_data/y/y/n HTTP/1.1[0m" 500 -
INFO:werkzeug: * Detected change in '/Users/afzhalahmed/Documents/GitHub/nutrition-tracker/nutrition_tracker/controller/nutrition_tracker_controller.py', reloading
INFO:werkzeug: * Restarting with stat
INFO:werkzeug:[31m[1mWARNING: This is a development server. Do not use it in a production deployment. Use a production WSGI server instead.[0m
 * Running on http://127.0.0.1:5000
INFO:werkzeug:[33mPress CTRL+C to quit[0m
INFO:werkzeug: * Restarting with stat
WARNING:werkzeug: * Debugger is active!
INFO:werkzeug: * Debugger PIN: 502-264-792
INFO:nutrition_tracker_controller:Testing the /test endpoint
INFO:werkzeug:127.0.0.1 - - [22/Nov/2023 16:05:33] "GET /test HTTP/1.1" 200 -
DEBUG:nutrition_tracker_controller:Uploaded file saved to: /Users/afzhalahmed/Documents/GitHub/nutrition-tracker/nutrition_tracker/assets/nov_10_2023_data
ERROR:nutrition_tracker_controller:Error processing nutrition data: [Errno 2] No such file or directory: '/Users/afzhalahmed/Documents/GitHub/nutrition-tracker/nutrition_tracker/assets//Users/afzhalahmed/Documents/GitHub/nutrition-tracker/nutrition_tracker/assets/nov_10_2023_data'
INFO:werkzeug:127.0.0.1 - - [22/Nov/2023 16:05:37] "[35m[1mPOST /serve_nutrition_data/y/y/n HTTP/1.1[0m" 500 -
INFO:werkzeug:[31m[1mWARNING: This is a development server. Do not use it in a production deployment. Use a production WSGI server instead.[0m
 * Running on http://127.0.0.1:5000
INFO:werkzeug:[33mPress CTRL+C to quit[0m
INFO:werkzeug: * Restarting with stat
WARNING:werkzeug: * Debugger is active!
INFO:werkzeug: * Debugger PIN: 502-264-792
INFO:nutrition_tracker_controller:Testing the /test endpoint
INFO:werkzeug:127.0.0.1 - - [22/Nov/2023 16:06:14] "GET /test HTTP/1.1" 200 -
DEBUG:nutrition_tracker_controller:Uploaded file saved to: nov_10_2023_data
DEBUG:nutrition_tracker_controller:Result: [{'calories': '3915.47 kcal', 'protein': '215.63 g', 'carbohydrates': '510.74 g', 'fat': '106.54 g', 'saturated': '31.66 g', 'polyunsaturated': '21.63 g', 'monounsaturated': '41.88 g', 'potassium': '5027.49 mg', 'fiber': '33.65 g', 'sugar': '89.06 g', 'cholesterol': '1554.0 mg', 'sodium': '1597.74 mg'}, ['MEAL NUMBER: 1', ['Ingredient: dates, Quantity: 5.0', 'Ingredient: cow_milk, Quantity: 200.0'], ('Nutrition Information: ', {'calories': '135.85 kcal', 'protein': '6.51 g', 'carbohydrates': '13.35 g', 'fat': '6.61 g', 'saturated': '3.61 g', 'polyunsaturated': '0.81 g', 'monounsaturated': '2.21 g', 'potassium': '316.8 mg', 'fiber': '0.41 g', 'sugar': '12.83 g', 'cholesterol': '20.0 mg', 'sodium': '89.3 mg'}), 'MEAL NUMBER: 2', ['Ingredient: whole_boiled_egg, Quantity: 6.0', 'Ingredient: amla, Quantity: 80.0', 'Ingredient: cooked_kodo_millet, Quantity: 180.0'], ('Nutrition Information: ', {'calories': '737.4 kcal', 'protein': '42.7 g', 'carbohydrates': '59.84 g', 'fat': '34.54 g', 'saturated': '10.04 g', 'polyunsaturated': '5.18 g', 'monounsaturated': '12.96 g', 'potassium': '636.8 mg', 'fiber': '5.46 g', 'sugar': '5.28 g', 'cholesterol': '1272.0 mg', 'sodium': '381.8 mg'}), 'MEAL NUMBER: 3', ['Ingredient: uncooked_oats, Quantity: 50.0', 'Ingredient: on_gs_c, Quantity: 1.25', 'Ingredient: cinnamon_powder, Quantity: 1.0', 'Ingredient: salt, Quantity: 1.0', 'Ingredient: peanut_butter, Quantity: 20.0', 'Ingredient: honey, Quantity: 10.0', 'Ingredient: banana, Quantity: 160.0', 'Ingredient: dates, Quantity: 20.0', 'Ingredient: walnuts, Quantity: 5.0', 'Ingredient: almonds, Quantity: 5.0', 'Ingredient: raisins, Quantity: 3.0'], ('Nutrition Information: ', {'calories': '779.82 kcal', 'protein': '46.0 g', 'carbohydrates': '104.33 g', 'fat': '22.91 g', 'saturated': '3.06 g', 'polyunsaturated': '7.86 g', 'monounsaturated': '10.15 g', 'potassium': '1483.77 mg', 'fiber': '13.38 g', 'sugar': '47.43 g', 'cholesterol': '75.0 mg', 'sodium': '100.84 mg'}), ('Message:', ['cinnamon_powder is not available in the repository.', 'salt is not available in the repository.']), 'MEAL NUMBER: 4', ['Ingredient: cooked_rice, Quantity: 550.0', 'Ingredient: cooked_chicken_normal_cut, Quantity: 100.0', 'Ingredient: curd, Quantity: 140.0'], ('Nutrition Information: ', {'calories': '1052.0 kcal', 'protein': '45.31 g', 'carbohydrates': '160.72 g', 'fat': '19.7 g', 'saturated': '7.05 g', 'polyunsaturated': '3.59 g', 'monounsaturated': '7.43 g', 'potassium': '791.62 mg', 'fiber': '2.2 g', 'sugar': '7.27 g', 'cholesterol': '94.0 mg', 'sodium': '173.3 mg'}), 'MEAL NUMBER: 5', ['Ingredient: cooked_rice, Quantity: 250.0', 'Ingredient: albumen, Quantity: 6.0'], ('Nutrition Information: ', {'calories': '427.0 kcal', 'protein': '28.35 g', 'carbohydrates': '73.6 g', 'fat': '1.1 g', 'saturated': '0.25 g', 'polyunsaturated': '0.25 g', 'monounsaturated': '0.85 g', 'potassium': '843.5 mg', 'fiber': '1.0 g', 'sugar': '0.25 g', 'cholesterol': '0.0 mg', 'sodium': '314.5 mg'}), 'MEAL NUMBER: 6', ['Ingredient: cooked_wheat_chapati, Quantity: 160.0', 'Ingredient: cooked_chicken_normal_cut, Quantity: 100.0'], ('Nutrition Information: ', {'calories': '661.4 kcal', 'protein': '40.36 g', 'carbohydrates': '89.3 g', 'fat': '15.08 g', 'saturated': '4.05 g', 'polyunsaturated': '3.14 g', 'monounsaturated': '6.08 g', 'potassium': '673.0 mg', 'fiber': '11.2 g', 'sugar': '6.4 g', 'cholesterol': '73.0 mg', 'sodium': '431.0 mg'}), 'MEAL NUMBER: 7', ['Ingredient: cow_milk, Quantity: 200.0'], ('Nutrition Information: ', {'calories': '122.0 kcal', 'protein': '6.4 g', 'carbohydrates': '9.6 g', 'fat': '6.6 g', 'saturated': '3.6 g', 'polyunsaturated': '0.8 g', 'monounsaturated': '2.2 g', 'potassium': '282.0 mg', 'fiber': '0.0 g', 'sugar': '9.6 g', 'cholesterol': '20.0 mg', 'sodium': '86.0 mg'}), 'MEAL NUMBER: 8', ['Ingredient: water, Quantity: 3.5'], ('Nutrition Information: ', {'calories': '0.0 kcal', 'protein': '0.0 g', 'carbohydrates': '0.0 g', 'fat': '0.0 g', 'saturated': '0.0 g', 'polyunsaturated': '0.0 g', 'monounsaturated': '0.0 g', 'potassium': '0.0 mg', 'fiber': '0.0 g', 'sugar': '0.0 g', 'cholesterol': '0.0 mg', 'sodium': '21.0 mg'})]]
INFO:werkzeug:127.0.0.1 - - [22/Nov/2023 16:06:17] "POST /serve_nutrition_data/y/y/n HTTP/1.1" 200 -
ERROR:nutrition_tracker_controller:Error processing nutrition data: 400 Bad Request: The browser (or proxy) sent a request that this server could not understand.
INFO:werkzeug:127.0.0.1 - - [22/Nov/2023 16:06:36] "[35m[1mPOST /serve_nutrition_data/y/y/n HTTP/1.1[0m" 500 -
INFO:werkzeug:[31m[1mWARNING: This is a development server. Do not use it in a production deployment. Use a production WSGI server instead.[0m
 * Running on http://127.0.0.1:5000
INFO:werkzeug:[33mPress CTRL+C to quit[0m
INFO:werkzeug: * Restarting with stat
WARNING:werkzeug: * Debugger is active!
INFO:werkzeug: * Debugger PIN: 502-264-792
DEBUG:nutrition_tracker_controller:Uploaded file saved to: /Users/afzhalahmed/Documents/GitHub/nutrition-tracker/nutrition_tracker/assets/nov_10_2023_data
ERROR:nutrition_tracker_controller:Error processing nutrition data
Traceback (most recent call last):
  File "/Users/afzhalahmed/Documents/GitHub/nutrition-tracker/nutrition_tracker/controller/nutrition_tracker_controller.py", line 113, in process_nutrition_data
    text_file = nutrition_tracker_service.take_file_name_of_text_file_and_give_text_file(file_path)
  File "/Users/afzhalahmed/Documents/GitHub/nutrition-tracker/nutrition_tracker/service/nutrition_tracker_service.py", line 401, in take_file_name_of_text_file_and_give_text_file
    with open(file_path, 'r') as file:
FileNotFoundError: [Errno 2] No such file or directory: '/Users/afzhalahmed/Documents/GitHub/nutrition-tracker/nutrition_tracker/assets//Users/afzhalahmed/Documents/GitHub/nutrition-tracker/nutrition_tracker/assets/nov_10_2023_data'
INFO:werkzeug:127.0.0.1 - - [22/Nov/2023 16:08:29] "[35m[1mPOST /serve_nutrition_data/y/y/n HTTP/1.1[0m" 500 -
INFO:werkzeug:[31m[1mWARNING: This is a development server. Do not use it in a production deployment. Use a production WSGI server instead.[0m
 * Running on http://127.0.0.1:5000
INFO:werkzeug:[33mPress CTRL+C to quit[0m
INFO:werkzeug: * Restarting with stat
WARNING:werkzeug: * Debugger is active!
INFO:werkzeug: * Debugger PIN: 502-264-7921
DEBUG:nutrition_tracker_controller:Uploaded file saved to: nov_10_2023_data
DEBUG:nutrition_tracker_controller:Result: [{'calories': '3915.47 kcal', 'protein': '215.63 g', 'carbohydrates': '510.74 g', 'fat': '106.54 g', 'saturated': '31.66 g', 'polyunsaturated': '21.63 g', 'monounsaturated': '41.88 g', 'potassium': '5027.49 mg', 'fiber': '33.65 g', 'sugar': '89.06 g', 'cholesterol': '1554.0 mg', 'sodium': '1597.74 mg'}, ['MEAL NUMBER: 1', ['Ingredient: dates, Quantity: 5.0', 'Ingredient: cow_milk, Quantity: 200.0'], ('Nutrition Information: ', {'calories': '135.85 kcal', 'protein': '6.51 g', 'carbohydrates': '13.35 g', 'fat': '6.61 g', 'saturated': '3.61 g', 'polyunsaturated': '0.81 g', 'monounsaturated': '2.21 g', 'potassium': '316.8 mg', 'fiber': '0.41 g', 'sugar': '12.83 g', 'cholesterol': '20.0 mg', 'sodium': '89.3 mg'}), 'MEAL NUMBER: 2', ['Ingredient: whole_boiled_egg, Quantity: 6.0', 'Ingredient: amla, Quantity: 80.0', 'Ingredient: cooked_kodo_millet, Quantity: 180.0'], ('Nutrition Information: ', {'calories': '737.4 kcal', 'protein': '42.7 g', 'carbohydrates': '59.84 g', 'fat': '34.54 g', 'saturated': '10.04 g', 'polyunsaturated': '5.18 g', 'monounsaturated': '12.96 g', 'potassium': '636.8 mg', 'fiber': '5.46 g', 'sugar': '5.28 g', 'cholesterol': '1272.0 mg', 'sodium': '381.8 mg'}), 'MEAL NUMBER: 3', ['Ingredient: uncooked_oats, Quantity: 50.0', 'Ingredient: on_gs_c, Quantity: 1.25', 'Ingredient: cinnamon_powder, Quantity: 1.0', 'Ingredient: salt, Quantity: 1.0', 'Ingredient: peanut_butter, Quantity: 20.0', 'Ingredient: honey, Quantity: 10.0', 'Ingredient: banana, Quantity: 160.0', 'Ingredient: dates, Quantity: 20.0', 'Ingredient: walnuts, Quantity: 5.0', 'Ingredient: almonds, Quantity: 5.0', 'Ingredient: raisins, Quantity: 3.0'], ('Nutrition Information: ', {'calories': '779.82 kcal', 'protein': '46.0 g', 'carbohydrates': '104.33 g', 'fat': '22.91 g', 'saturated': '3.06 g', 'polyunsaturated': '7.86 g', 'monounsaturated': '10.15 g', 'potassium': '1483.77 mg', 'fiber': '13.38 g', 'sugar': '47.43 g', 'cholesterol': '75.0 mg', 'sodium': '100.84 mg'}), ('Message:', ['cinnamon_powder is not available in the repository.', 'salt is not available in the repository.']), 'MEAL NUMBER: 4', ['Ingredient: cooked_rice, Quantity: 550.0', 'Ingredient: cooked_chicken_normal_cut, Quantity: 100.0', 'Ingredient: curd, Quantity: 140.0'], ('Nutrition Information: ', {'calories': '1052.0 kcal', 'protein': '45.31 g', 'carbohydrates': '160.72 g', 'fat': '19.7 g', 'saturated': '7.05 g', 'polyunsaturated': '3.59 g', 'monounsaturated': '7.43 g', 'potassium': '791.62 mg', 'fiber': '2.2 g', 'sugar': '7.27 g', 'cholesterol': '94.0 mg', 'sodium': '173.3 mg'}), 'MEAL NUMBER: 5', ['Ingredient: cooked_rice, Quantity: 250.0', 'Ingredient: albumen, Quantity: 6.0'], ('Nutrition Information: ', {'calories': '427.0 kcal', 'protein': '28.35 g', 'carbohydrates': '73.6 g', 'fat': '1.1 g', 'saturated': '0.25 g', 'polyunsaturated': '0.25 g', 'monounsaturated': '0.85 g', 'potassium': '843.5 mg', 'fiber': '1.0 g', 'sugar': '0.25 g', 'cholesterol': '0.0 mg', 'sodium': '314.5 mg'}), 'MEAL NUMBER: 6', ['Ingredient: cooked_wheat_chapati, Quantity: 160.0', 'Ingredient: cooked_chicken_normal_cut, Quantity: 100.0'], ('Nutrition Information: ', {'calories': '661.4 kcal', 'protein': '40.36 g', 'carbohydrates': '89.3 g', 'fat': '15.08 g', 'saturated': '4.05 g', 'polyunsaturated': '3.14 g', 'monounsaturated': '6.08 g', 'potassium': '673.0 mg', 'fiber': '11.2 g', 'sugar': '6.4 g', 'cholesterol': '73.0 mg', 'sodium': '431.0 mg'}), 'MEAL NUMBER: 7', ['Ingredient: cow_milk, Quantity: 200.0'], ('Nutrition Information: ', {'calories': '122.0 kcal', 'protein': '6.4 g', 'carbohydrates': '9.6 g', 'fat': '6.6 g', 'saturated': '3.6 g', 'polyunsaturated': '0.8 g', 'monounsaturated': '2.2 g', 'potassium': '282.0 mg', 'fiber': '0.0 g', 'sugar': '9.6 g', 'cholesterol': '20.0 mg', 'sodium': '86.0 mg'}), 'MEAL NUMBER: 8', ['Ingredient: water, Quantity: 3.5'], ('Nutrition Information: ', {'calories': '0.0 kcal', 'protein': '0.0 g', 'carbohydrates': '0.0 g', 'fat': '0.0 g', 'saturated': '0.0 g', 'polyunsaturated': '0.0 g', 'monounsaturated': '0.0 g', 'potassium': '0.0 mg', 'fiber': '0.0 g', 'sugar': '0.0 g', 'cholesterol': '0.0 mg', 'sodium': '21.0 mg'})]]
INFO:werkzeug:127.0.0.1 - - [22/Nov/2023 16:09:03] "POST /serve_nutrition_data/y/y/n HTTP/1.1" 200 -
ERROR:nutrition_tracker_controller:Error processing nutrition data
Traceback (most recent call last):
  File "/Users/afzhalahmed/Documents/GitHub/nutrition-tracker/nutrition_tracker/controller/nutrition_tracker_controller.py", line 99, in process_nutrition_data
    uploaded_file = request.files['file']
  File "/Library/Python/3.9/site-packages/flask/debughelpers.py", line 85, in __getitem__
    return super().__getitem__(key)
  File "/Library/Python/3.9/site-packages/werkzeug/datastructures/structures.py", line 192, in __getitem__
    raise exceptions.BadRequestKeyError(key)
werkzeug.exceptions.BadRequestKeyError: 400 Bad Request: The browser (or proxy) sent a request that this server could not understand.
INFO:werkzeug:127.0.0.1 - - [22/Nov/2023 16:09:10] "[35m[1mPOST /serve_nutrition_data/y/y/n HTTP/1.1[0m" 500 -
INFO:werkzeug:[31m[1mWARNING: This is a development server. Do not use it in a production deployment. Use a production WSGI server instead.[0m
 * Running on http://127.0.0.1:5000
INFO:werkzeug:[33mPress CTRL+C to quit[0m
INFO:werkzeug: * Restarting with stat
WARNING:werkzeug: * Debugger is active!
INFO:werkzeug: * Debugger PIN: 502-264-792
INFO:nutrition_tracker_controller:Testing the /test endpoint
INFO:werkzeug:127.0.0.1 - - [27/Nov/2023 15:23:55] "GET /test HTTP/1.1" 200 -
ERROR:nutrition_tracker_controller:Error processing nutrition data
Traceback (most recent call last):
  File "/Users/afzhalahmed/Documents/GitHub/nutrition-tracker/nutrition_tracker/controller/nutrition_tracker_controller.py", line 99, in process_nutrition_data
    uploaded_file = request.files['file']
  File "/Library/Python/3.9/site-packages/flask/debughelpers.py", line 85, in __getitem__
    return super().__getitem__(key)
  File "/Library/Python/3.9/site-packages/werkzeug/datastructures/structures.py", line 192, in __getitem__
    raise exceptions.BadRequestKeyError(key)
werkzeug.exceptions.BadRequestKeyError: 400 Bad Request: The browser (or proxy) sent a request that this server could not understand.
INFO:werkzeug:127.0.0.1 - - [27/Nov/2023 15:24:00] "[35m[1mPOST /serve_nutrition_data/y/y/n HTTP/1.1[0m" 500 -
DEBUG:nutrition_tracker_controller:Uploaded file saved to: nov_10_2023_data
DEBUG:nutrition_tracker_controller:Result: [{'calories': '3915.47 kcal', 'protein': '215.63 g', 'carbohydrates': '510.74 g', 'fat': '106.54 g', 'saturated': '31.66 g', 'polyunsaturated': '21.63 g', 'monounsaturated': '41.88 g', 'potassium': '5027.49 mg', 'fiber': '33.65 g', 'sugar': '89.06 g', 'cholesterol': '1554.0 mg', 'sodium': '1597.74 mg'}, ['MEAL NUMBER: 1', ['Ingredient: dates, Quantity: 5.0', 'Ingredient: cow_milk, Quantity: 200.0'], ('Nutrition Information: ', {'calories': '135.85 kcal', 'protein': '6.51 g', 'carbohydrates': '13.35 g', 'fat': '6.61 g', 'saturated': '3.61 g', 'polyunsaturated': '0.81 g', 'monounsaturated': '2.21 g', 'potassium': '316.8 mg', 'fiber': '0.41 g', 'sugar': '12.83 g', 'cholesterol': '20.0 mg', 'sodium': '89.3 mg'}), 'MEAL NUMBER: 2', ['Ingredient: whole_boiled_egg, Quantity: 6.0', 'Ingredient: amla, Quantity: 80.0', 'Ingredient: cooked_kodo_millet, Quantity: 180.0'], ('Nutrition Information: ', {'calories': '737.4 kcal', 'protein': '42.7 g', 'carbohydrates': '59.84 g', 'fat': '34.54 g', 'saturated': '10.04 g', 'polyunsaturated': '5.18 g', 'monounsaturated': '12.96 g', 'potassium': '636.8 mg', 'fiber': '5.46 g', 'sugar': '5.28 g', 'cholesterol': '1272.0 mg', 'sodium': '381.8 mg'}), 'MEAL NUMBER: 3', ['Ingredient: uncooked_oats, Quantity: 50.0', 'Ingredient: on_gs_c, Quantity: 1.25', 'Ingredient: cinnamon_powder, Quantity: 1.0', 'Ingredient: salt, Quantity: 1.0', 'Ingredient: peanut_butter, Quantity: 20.0', 'Ingredient: honey, Quantity: 10.0', 'Ingredient: banana, Quantity: 160.0', 'Ingredient: dates, Quantity: 20.0', 'Ingredient: walnuts, Quantity: 5.0', 'Ingredient: almonds, Quantity: 5.0', 'Ingredient: raisins, Quantity: 3.0'], ('Nutrition Information: ', {'calories': '779.82 kcal', 'protein': '46.0 g', 'carbohydrates': '104.33 g', 'fat': '22.91 g', 'saturated': '3.06 g', 'polyunsaturated': '7.86 g', 'monounsaturated': '10.15 g', 'potassium': '1483.77 mg', 'fiber': '13.38 g', 'sugar': '47.43 g', 'cholesterol': '75.0 mg', 'sodium': '100.84 mg'}), ('Message:', ['cinnamon_powder is not available in the repository.', 'salt is not available in the repository.']), 'MEAL NUMBER: 4', ['Ingredient: cooked_rice, Quantity: 550.0', 'Ingredient: cooked_chicken_normal_cut, Quantity: 100.0', 'Ingredient: curd, Quantity: 140.0'], ('Nutrition Information: ', {'calories': '1052.0 kcal', 'protein': '45.31 g', 'carbohydrates': '160.72 g', 'fat': '19.7 g', 'saturated': '7.05 g', 'polyunsaturated': '3.59 g', 'monounsaturated': '7.43 g', 'potassium': '791.62 mg', 'fiber': '2.2 g', 'sugar': '7.27 g', 'cholesterol': '94.0 mg', 'sodium': '173.3 mg'}), 'MEAL NUMBER: 5', ['Ingredient: cooked_rice, Quantity: 250.0', 'Ingredient: albumen, Quantity: 6.0'], ('Nutrition Information: ', {'calories': '427.0 kcal', 'protein': '28.35 g', 'carbohydrates': '73.6 g', 'fat': '1.1 g', 'saturated': '0.25 g', 'polyunsaturated': '0.25 g', 'monounsaturated': '0.85 g', 'potassium': '843.5 mg', 'fiber': '1.0 g', 'sugar': '0.25 g', 'cholesterol': '0.0 mg', 'sodium': '314.5 mg'}), 'MEAL NUMBER: 6', ['Ingredient: cooked_wheat_chapati, Quantity: 160.0', 'Ingredient: cooked_chicken_normal_cut, Quantity: 100.0'], ('Nutrition Information: ', {'calories': '661.4 kcal', 'protein': '40.36 g', 'carbohydrates': '89.3 g', 'fat': '15.08 g', 'saturated': '4.05 g', 'polyunsaturated': '3.14 g', 'monounsaturated': '6.08 g', 'potassium': '673.0 mg', 'fiber': '11.2 g', 'sugar': '6.4 g', 'cholesterol': '73.0 mg', 'sodium': '431.0 mg'}), 'MEAL NUMBER: 7', ['Ingredient: cow_milk, Quantity: 200.0'], ('Nutrition Information: ', {'calories': '122.0 kcal', 'protein': '6.4 g', 'carbohydrates': '9.6 g', 'fat': '6.6 g', 'saturated': '3.6 g', 'polyunsaturated': '0.8 g', 'monounsaturated': '2.2 g', 'potassium': '282.0 mg', 'fiber': '0.0 g', 'sugar': '9.6 g', 'cholesterol': '20.0 mg', 'sodium': '86.0 mg'}), 'MEAL NUMBER: 8', ['Ingredient: water, Quantity: 3.5'], ('Nutrition Information: ', {'calories': '0.0 kcal', 'protein': '0.0 g', 'carbohydrates': '0.0 g', 'fat': '0.0 g', 'saturated': '0.0 g', 'polyunsaturated': '0.0 g', 'monounsaturated': '0.0 g', 'potassium': '0.0 mg', 'fiber': '0.0 g', 'sugar': '0.0 g', 'cholesterol': '0.0 mg', 'sodium': '21.0 mg'})]]
INFO:werkzeug:127.0.0.1 - - [27/Nov/2023 15:24:12] "POST /serve_nutrition_data/y/y/n HTTP/1.1" 200 -
ERROR:nutrition_tracker_controller:Error processing nutrition data
Traceback (most recent call last):
  File "/Users/afzhalahmed/Documents/GitHub/nutrition-tracker/nutrition_tracker/controller/nutrition_tracker_controller.py", line 99, in process_nutrition_data
    uploaded_file = request.files['file']
  File "/Library/Python/3.9/site-packages/flask/debughelpers.py", line 85, in __getitem__
    return super().__getitem__(key)
  File "/Library/Python/3.9/site-packages/werkzeug/datastructures/structures.py", line 192, in __getitem__
    raise exceptions.BadRequestKeyError(key)
werkzeug.exceptions.BadRequestKeyError: 400 Bad Request: The browser (or proxy) sent a request that this server could not understand.
INFO:werkzeug:127.0.0.1 - - [27/Nov/2023 15:27:51] "[35m[1mPOST /serve_nutrition_data/y/y/n HTTP/1.1[0m" 500 -
INFO:werkzeug:[31m[1mWARNING: This is a development server. Do not use it in a production deployment. Use a production WSGI server instead.[0m
 * Running on http://127.0.0.1:5000
INFO:werkzeug:[33mPress CTRL+C to quit[0m
INFO:werkzeug: * Restarting with stat
WARNING:werkzeug: * Debugger is active!
INFO:werkzeug: * Debugger PIN: 502-264-792
INFO:nutrition_tracker_controller:Testing the /test endpoint
INFO:werkzeug:127.0.0.1 - - [27/Nov/2023 15:40:35] "GET /test HTTP/1.1" 200 -
ERROR:nutrition_tracker_controller:Error processing nutrition data
Traceback (most recent call last):
  File "/Users/afzhalahmed/Documents/GitHub/nutrition-tracker/nutrition_tracker/controller/nutrition_tracker_controller.py", line 107, in process_nutrition_data
    file_path =  uploaded_file.filename
AttributeError: 'str' object has no attribute 'filename'
INFO:werkzeug:127.0.0.1 - - [27/Nov/2023 15:40:38] "[35m[1mPOST /serve_nutrition_data/y/y/n HTTP/1.1[0m" 500 -
ERROR:nutrition_tracker_controller:Error processing nutrition data
Traceback (most recent call last):
  File "/Users/afzhalahmed/Documents/GitHub/nutrition-tracker/nutrition_tracker/controller/nutrition_tracker_controller.py", line 107, in process_nutrition_data
    file_path =  uploaded_file.filename
AttributeError: 'str' object has no attribute 'filename'
INFO:werkzeug:127.0.0.1 - - [27/Nov/2023 15:40:56] "[35m[1mPOST /serve_nutrition_data/y/y/n HTTP/1.1[0m" 500 -
INFO:werkzeug: * Detected change in '/Users/afzhalahmed/Documents/GitHub/nutrition-tracker/nutrition_tracker/controller/nutrition_tracker_controller.py', reloading
INFO:werkzeug: * Restarting with stat
WARNING:werkzeug: * Debugger is active!
INFO:werkzeug: * Debugger PIN: 502-264-792
DEBUG:nutrition_tracker_controller:Uploaded file saved to: nov_10_2023_data
DEBUG:nutrition_tracker_controller:Result: [{'calories': '3915.47 kcal', 'protein': '215.63 g', 'carbohydrates': '510.74 g', 'fat': '106.54 g', 'saturated': '31.66 g', 'polyunsaturated': '21.63 g', 'monounsaturated': '41.88 g', 'potassium': '5027.49 mg', 'fiber': '33.65 g', 'sugar': '89.06 g', 'cholesterol': '1554.0 mg', 'sodium': '1597.74 mg'}, ['MEAL NUMBER: 1', ['Ingredient: dates, Quantity: 5.0', 'Ingredient: cow_milk, Quantity: 200.0'], ('Nutrition Information: ', {'calories': '135.85 kcal', 'protein': '6.51 g', 'carbohydrates': '13.35 g', 'fat': '6.61 g', 'saturated': '3.61 g', 'polyunsaturated': '0.81 g', 'monounsaturated': '2.21 g', 'potassium': '316.8 mg', 'fiber': '0.41 g', 'sugar': '12.83 g', 'cholesterol': '20.0 mg', 'sodium': '89.3 mg'}), 'MEAL NUMBER: 2', ['Ingredient: whole_boiled_egg, Quantity: 6.0', 'Ingredient: amla, Quantity: 80.0', 'Ingredient: cooked_kodo_millet, Quantity: 180.0'], ('Nutrition Information: ', {'calories': '737.4 kcal', 'protein': '42.7 g', 'carbohydrates': '59.84 g', 'fat': '34.54 g', 'saturated': '10.04 g', 'polyunsaturated': '5.18 g', 'monounsaturated': '12.96 g', 'potassium': '636.8 mg', 'fiber': '5.46 g', 'sugar': '5.28 g', 'cholesterol': '1272.0 mg', 'sodium': '381.8 mg'}), 'MEAL NUMBER: 3', ['Ingredient: uncooked_oats, Quantity: 50.0', 'Ingredient: on_gs_c, Quantity: 1.25', 'Ingredient: cinnamon_powder, Quantity: 1.0', 'Ingredient: salt, Quantity: 1.0', 'Ingredient: peanut_butter, Quantity: 20.0', 'Ingredient: honey, Quantity: 10.0', 'Ingredient: banana, Quantity: 160.0', 'Ingredient: dates, Quantity: 20.0', 'Ingredient: walnuts, Quantity: 5.0', 'Ingredient: almonds, Quantity: 5.0', 'Ingredient: raisins, Quantity: 3.0'], ('Nutrition Information: ', {'calories': '779.82 kcal', 'protein': '46.0 g', 'carbohydrates': '104.33 g', 'fat': '22.91 g', 'saturated': '3.06 g', 'polyunsaturated': '7.86 g', 'monounsaturated': '10.15 g', 'potassium': '1483.77 mg', 'fiber': '13.38 g', 'sugar': '47.43 g', 'cholesterol': '75.0 mg', 'sodium': '100.84 mg'}), ('Message:', ['cinnamon_powder is not available in the repository.', 'salt is not available in the repository.']), 'MEAL NUMBER: 4', ['Ingredient: cooked_rice, Quantity: 550.0', 'Ingredient: cooked_chicken_normal_cut, Quantity: 100.0', 'Ingredient: curd, Quantity: 140.0'], ('Nutrition Information: ', {'calories': '1052.0 kcal', 'protein': '45.31 g', 'carbohydrates': '160.72 g', 'fat': '19.7 g', 'saturated': '7.05 g', 'polyunsaturated': '3.59 g', 'monounsaturated': '7.43 g', 'potassium': '791.62 mg', 'fiber': '2.2 g', 'sugar': '7.27 g', 'cholesterol': '94.0 mg', 'sodium': '173.3 mg'}), 'MEAL NUMBER: 5', ['Ingredient: cooked_rice, Quantity: 250.0', 'Ingredient: albumen, Quantity: 6.0'], ('Nutrition Information: ', {'calories': '427.0 kcal', 'protein': '28.35 g', 'carbohydrates': '73.6 g', 'fat': '1.1 g', 'saturated': '0.25 g', 'polyunsaturated': '0.25 g', 'monounsaturated': '0.85 g', 'potassium': '843.5 mg', 'fiber': '1.0 g', 'sugar': '0.25 g', 'cholesterol': '0.0 mg', 'sodium': '314.5 mg'}), 'MEAL NUMBER: 6', ['Ingredient: cooked_wheat_chapati, Quantity: 160.0', 'Ingredient: cooked_chicken_normal_cut, Quantity: 100.0'], ('Nutrition Information: ', {'calories': '661.4 kcal', 'protein': '40.36 g', 'carbohydrates': '89.3 g', 'fat': '15.08 g', 'saturated': '4.05 g', 'polyunsaturated': '3.14 g', 'monounsaturated': '6.08 g', 'potassium': '673.0 mg', 'fiber': '11.2 g', 'sugar': '6.4 g', 'cholesterol': '73.0 mg', 'sodium': '431.0 mg'}), 'MEAL NUMBER: 7', ['Ingredient: cow_milk, Quantity: 200.0'], ('Nutrition Information: ', {'calories': '122.0 kcal', 'protein': '6.4 g', 'carbohydrates': '9.6 g', 'fat': '6.6 g', 'saturated': '3.6 g', 'polyunsaturated': '0.8 g', 'monounsaturated': '2.2 g', 'potassium': '282.0 mg', 'fiber': '0.0 g', 'sugar': '9.6 g', 'cholesterol': '20.0 mg', 'sodium': '86.0 mg'}), 'MEAL NUMBER: 8', ['Ingredient: water, Quantity: 3.5'], ('Nutrition Information: ', {'calories': '0.0 kcal', 'protein': '0.0 g', 'carbohydrates': '0.0 g', 'fat': '0.0 g', 'saturated': '0.0 g', 'polyunsaturated': '0.0 g', 'monounsaturated': '0.0 g', 'potassium': '0.0 mg', 'fiber': '0.0 g', 'sugar': '0.0 g', 'cholesterol': '0.0 mg', 'sodium': '21.0 mg'})]]
INFO:werkzeug:127.0.0.1 - - [27/Nov/2023 15:41:30] "POST /serve_nutrition_data/y/y/n HTTP/1.1" 200 -
INFO:werkzeug:[31m[1mWARNING: This is a development server. Do not use it in a production deployment. Use a production WSGI server instead.[0m
 * Running on http://127.0.0.1:5000
INFO:werkzeug:[33mPress CTRL+C to quit[0m
INFO:werkzeug: * Restarting with stat
WARNING:werkzeug: * Debugger is active!
INFO:werkzeug: * Debugger PIN: 502-264-792
DEBUG:nutrition_tracker_controller:Uploaded file saved to: nutrition_data_20231127T102341.txt
ERROR:nutrition_tracker_controller:Error processing nutrition data
Traceback (most recent call last):
  File "/Users/afzhalahmed/Documents/GitHub/nutrition-tracker/nutrition_tracker/controller/nutrition_tracker_controller.py", line 114, in process_nutrition_data
    text_file = nutrition_tracker_service.take_file_name_of_text_file_and_give_text_file(file_path)
  File "/Users/afzhalahmed/Documents/GitHub/nutrition-tracker/nutrition_tracker/service/nutrition_tracker_service.py", line 401, in take_file_name_of_text_file_and_give_text_file
    with open(file_path, 'r') as file:
FileNotFoundError: [Errno 2] No such file or directory: '/Users/afzhalahmed/Documents/GitHub/nutrition-tracker/nutrition_tracker/assets/nutrition_data_20231127T102341.txt'
INFO:werkzeug:127.0.0.1 - - [27/Nov/2023 15:53:41] "[35m[1mPOST /serve_nutrition_data/y/y/n HTTP/1.1[0m" 500 -
DEBUG:nutrition_tracker_controller:Uploaded file saved to: nov_10_2023_data
DEBUG:nutrition_tracker_controller:Result: [{'calories': '3915.47 kcal', 'protein': '215.63 g', 'carbohydrates': '510.74 g', 'fat': '106.54 g', 'saturated': '31.66 g', 'polyunsaturated': '21.63 g', 'monounsaturated': '41.88 g', 'potassium': '5027.49 mg', 'fiber': '33.65 g', 'sugar': '89.06 g', 'cholesterol': '1554.0 mg', 'sodium': '1597.74 mg'}, ['MEAL NUMBER: 1', ['Ingredient: dates, Quantity: 5.0', 'Ingredient: cow_milk, Quantity: 200.0'], ('Nutrition Information: ', {'calories': '135.85 kcal', 'protein': '6.51 g', 'carbohydrates': '13.35 g', 'fat': '6.61 g', 'saturated': '3.61 g', 'polyunsaturated': '0.81 g', 'monounsaturated': '2.21 g', 'potassium': '316.8 mg', 'fiber': '0.41 g', 'sugar': '12.83 g', 'cholesterol': '20.0 mg', 'sodium': '89.3 mg'}), 'MEAL NUMBER: 2', ['Ingredient: whole_boiled_egg, Quantity: 6.0', 'Ingredient: amla, Quantity: 80.0', 'Ingredient: cooked_kodo_millet, Quantity: 180.0'], ('Nutrition Information: ', {'calories': '737.4 kcal', 'protein': '42.7 g', 'carbohydrates': '59.84 g', 'fat': '34.54 g', 'saturated': '10.04 g', 'polyunsaturated': '5.18 g', 'monounsaturated': '12.96 g', 'potassium': '636.8 mg', 'fiber': '5.46 g', 'sugar': '5.28 g', 'cholesterol': '1272.0 mg', 'sodium': '381.8 mg'}), 'MEAL NUMBER: 3', ['Ingredient: uncooked_oats, Quantity: 50.0', 'Ingredient: on_gs_c, Quantity: 1.25', 'Ingredient: cinnamon_powder, Quantity: 1.0', 'Ingredient: salt, Quantity: 1.0', 'Ingredient: peanut_butter, Quantity: 20.0', 'Ingredient: honey, Quantity: 10.0', 'Ingredient: banana, Quantity: 160.0', 'Ingredient: dates, Quantity: 20.0', 'Ingredient: walnuts, Quantity: 5.0', 'Ingredient: almonds, Quantity: 5.0', 'Ingredient: raisins, Quantity: 3.0'], ('Nutrition Information: ', {'calories': '779.82 kcal', 'protein': '46.0 g', 'carbohydrates': '104.33 g', 'fat': '22.91 g', 'saturated': '3.06 g', 'polyunsaturated': '7.86 g', 'monounsaturated': '10.15 g', 'potassium': '1483.77 mg', 'fiber': '13.38 g', 'sugar': '47.43 g', 'cholesterol': '75.0 mg', 'sodium': '100.84 mg'}), ('Message:', ['cinnamon_powder is not available in the repository.', 'salt is not available in the repository.']), 'MEAL NUMBER: 4', ['Ingredient: cooked_rice, Quantity: 550.0', 'Ingredient: cooked_chicken_normal_cut, Quantity: 100.0', 'Ingredient: curd, Quantity: 140.0'], ('Nutrition Information: ', {'calories': '1052.0 kcal', 'protein': '45.31 g', 'carbohydrates': '160.72 g', 'fat': '19.7 g', 'saturated': '7.05 g', 'polyunsaturated': '3.59 g', 'monounsaturated': '7.43 g', 'potassium': '791.62 mg', 'fiber': '2.2 g', 'sugar': '7.27 g', 'cholesterol': '94.0 mg', 'sodium': '173.3 mg'}), 'MEAL NUMBER: 5', ['Ingredient: cooked_rice, Quantity: 250.0', 'Ingredient: albumen, Quantity: 6.0'], ('Nutrition Information: ', {'calories': '427.0 kcal', 'protein': '28.35 g', 'carbohydrates': '73.6 g', 'fat': '1.1 g', 'saturated': '0.25 g', 'polyunsaturated': '0.25 g', 'monounsaturated': '0.85 g', 'potassium': '843.5 mg', 'fiber': '1.0 g', 'sugar': '0.25 g', 'cholesterol': '0.0 mg', 'sodium': '314.5 mg'}), 'MEAL NUMBER: 6', ['Ingredient: cooked_wheat_chapati, Quantity: 160.0', 'Ingredient: cooked_chicken_normal_cut, Quantity: 100.0'], ('Nutrition Information: ', {'calories': '661.4 kcal', 'protein': '40.36 g', 'carbohydrates': '89.3 g', 'fat': '15.08 g', 'saturated': '4.05 g', 'polyunsaturated': '3.14 g', 'monounsaturated': '6.08 g', 'potassium': '673.0 mg', 'fiber': '11.2 g', 'sugar': '6.4 g', 'cholesterol': '73.0 mg', 'sodium': '431.0 mg'}), 'MEAL NUMBER: 7', ['Ingredient: cow_milk, Quantity: 200.0'], ('Nutrition Information: ', {'calories': '122.0 kcal', 'protein': '6.4 g', 'carbohydrates': '9.6 g', 'fat': '6.6 g', 'saturated': '3.6 g', 'polyunsaturated': '0.8 g', 'monounsaturated': '2.2 g', 'potassium': '282.0 mg', 'fiber': '0.0 g', 'sugar': '9.6 g', 'cholesterol': '20.0 mg', 'sodium': '86.0 mg'}), 'MEAL NUMBER: 8', ['Ingredient: water, Quantity: 3.5'], ('Nutrition Information: ', {'calories': '0.0 kcal', 'protein': '0.0 g', 'carbohydrates': '0.0 g', 'fat': '0.0 g', 'saturated': '0.0 g', 'polyunsaturated': '0.0 g', 'monounsaturated': '0.0 g', 'potassium': '0.0 mg', 'fiber': '0.0 g', 'sugar': '0.0 g', 'cholesterol': '0.0 mg', 'sodium': '21.0 mg'})]]
INFO:werkzeug:127.0.0.1 - - [27/Nov/2023 15:54:43] "POST /serve_nutrition_data/y/y/n HTTP/1.1" 200 -
DEBUG:nutrition_tracker_controller:Uploaded file saved to: nutrition_data_20231127T103045.txt
ERROR:nutrition_tracker_controller:Error processing nutrition data
Traceback (most recent call last):
  File "/Users/afzhalahmed/Documents/GitHub/nutrition-tracker/nutrition_tracker/controller/nutrition_tracker_controller.py", line 114, in process_nutrition_data
    text_file = nutrition_tracker_service.take_file_name_of_text_file_and_give_text_file(file_path)
  File "/Users/afzhalahmed/Documents/GitHub/nutrition-tracker/nutrition_tracker/service/nutrition_tracker_service.py", line 401, in take_file_name_of_text_file_and_give_text_file
    with open(file_path, 'r') as file:
FileNotFoundError: [Errno 2] No such file or directory: '/Users/afzhalahmed/Documents/GitHub/nutrition-tracker/nutrition_tracker/assets/nutrition_data_20231127T103045.txt'
INFO:werkzeug:127.0.0.1 - - [27/Nov/2023 16:00:45] "[35m[1mPOST /serve_nutrition_data/y/y/n HTTP/1.1[0m" 500 -
DEBUG:nutrition_tracker_controller:Uploaded file saved to: nutrition_data_20231127T103324.txt
ERROR:nutrition_tracker_controller:Error processing nutrition data
Traceback (most recent call last):
  File "/Users/afzhalahmed/Documents/GitHub/nutrition-tracker/nutrition_tracker/controller/nutrition_tracker_controller.py", line 114, in process_nutrition_data
    text_file = nutrition_tracker_service.take_file_name_of_text_file_and_give_text_file(file_path)
  File "/Users/afzhalahmed/Documents/GitHub/nutrition-tracker/nutrition_tracker/service/nutrition_tracker_service.py", line 401, in take_file_name_of_text_file_and_give_text_file
    with open(file_path, 'r') as file:
FileNotFoundError: [Errno 2] No such file or directory: '/Users/afzhalahmed/Documents/GitHub/nutrition-tracker/nutrition_tracker/assets/nutrition_data_20231127T103324.txt'
INFO:werkzeug:127.0.0.1 - - [27/Nov/2023 16:03:24] "[35m[1mPOST /serve_nutrition_data/y/y/n HTTP/1.1[0m" 500 -
INFO:werkzeug:[31m[1mWARNING: This is a development server. Do not use it in a production deployment. Use a production WSGI server instead.[0m
 * Running on http://127.0.0.1:5000
INFO:werkzeug:[33mPress CTRL+C to quit[0m
INFO:werkzeug: * Restarting with stat
WARNING:werkzeug: * Debugger is active!
INFO:werkzeug: * Debugger PIN: 502-264-792
ERROR:nutrition_tracker_controller:Error processing nutrition data
Traceback (most recent call last):
  File "/Users/afzhalahmed/Documents/GitHub/nutrition-tracker/nutrition_tracker/controller/nutrition_tracker_controller.py", line 108, in process_nutrition_data
    uploaded_file.save(file_path)
  File "/Library/Python/3.9/site-packages/werkzeug/datastructures/file_storage.py", line 121, in save
    dst = open(dst, "wb")
FileNotFoundError: [Errno 2] No such file or directory: 'assets/nutrition_data_20231127T104410.txt'
INFO:werkzeug:127.0.0.1 - - [27/Nov/2023 16:14:10] "[35m[1mPOST /serve_nutrition_data/y/y/n HTTP/1.1[0m" 500 -
DEBUG:nutrition_tracker_controller:Uploaded file saved to: nutrition_data_20231127T110217.txt
ERROR:nutrition_tracker_controller:Error processing nutrition data
Traceback (most recent call last):
  File "/Users/afzhalahmed/Documents/GitHub/nutrition-tracker/nutrition_tracker/controller/nutrition_tracker_controller.py", line 114, in process_nutrition_data
    text_file = nutrition_tracker_service.take_file_name_of_text_file_and_give_text_file(file_path)
  File "/Users/afzhalahmed/Documents/GitHub/nutrition-tracker/nutrition_tracker/service/nutrition_tracker_service.py", line 401, in take_file_name_of_text_file_and_give_text_file
    with open(file_path, 'r') as file:
FileNotFoundError: [Errno 2] No such file or directory: '/Users/afzhalahmed/Documents/GitHub/nutrition-tracker/nutrition_tracker/assets/nutrition_data_20231127T110217.txt'
INFO:werkzeug:127.0.0.1 - - [27/Nov/2023 16:32:17] "[35m[1mPOST /serve_nutrition_data/y/y/n HTTP/1.1[0m" 500 -
DEBUG:nutrition_tracker_controller:Uploaded file saved to: nutrition_data_20231127T110546.txt
ERROR:nutrition_tracker_controller:Error processing nutrition data
Traceback (most recent call last):
  File "/Users/afzhalahmed/Documents/GitHub/nutrition-tracker/nutrition_tracker/controller/nutrition_tracker_controller.py", line 114, in process_nutrition_data
    text_file = nutrition_tracker_service.take_file_name_of_text_file_and_give_text_file(file_path)
  File "/Users/afzhalahmed/Documents/GitHub/nutrition-tracker/nutrition_tracker/service/nutrition_tracker_service.py", line 401, in take_file_name_of_text_file_and_give_text_file
    with open(file_path, 'r') as file:
FileNotFoundError: [Errno 2] No such file or directory: '/Users/afzhalahmed/Documents/GitHub/nutrition-tracker/nutrition_tracker/assets/nutrition_data_20231127T110546.txt'
INFO:werkzeug:127.0.0.1 - - [27/Nov/2023 16:35:46] "[35m[1mPOST /serve_nutrition_data/y/y/n HTTP/1.1[0m" 500 -
DEBUG:nutrition_tracker_controller:Uploaded file saved to: nutrition_data_20231127T110547.txt
ERROR:nutrition_tracker_controller:Error processing nutrition data
Traceback (most recent call last):
  File "/Users/afzhalahmed/Documents/GitHub/nutrition-tracker/nutrition_tracker/controller/nutrition_tracker_controller.py", line 114, in process_nutrition_data
    text_file = nutrition_tracker_service.take_file_name_of_text_file_and_give_text_file(file_path)
  File "/Users/afzhalahmed/Documents/GitHub/nutrition-tracker/nutrition_tracker/service/nutrition_tracker_service.py", line 401, in take_file_name_of_text_file_and_give_text_file
    with open(file_path, 'r') as file:
FileNotFoundError: [Errno 2] No such file or directory: '/Users/afzhalahmed/Documents/GitHub/nutrition-tracker/nutrition_tracker/assets/nutrition_data_20231127T110547.txt'
INFO:werkzeug:127.0.0.1 - - [27/Nov/2023 16:35:47] "[35m[1mPOST /serve_nutrition_data/y/y/n HTTP/1.1[0m" 500 -
DEBUG:nutrition_tracker_controller:Uploaded file saved to: nutrition_data_20231127T110547.txt
ERROR:nutrition_tracker_controller:Error processing nutrition data
Traceback (most recent call last):
  File "/Users/afzhalahmed/Documents/GitHub/nutrition-tracker/nutrition_tracker/controller/nutrition_tracker_controller.py", line 114, in process_nutrition_data
    text_file = nutrition_tracker_service.take_file_name_of_text_file_and_give_text_file(file_path)
  File "/Users/afzhalahmed/Documents/GitHub/nutrition-tracker/nutrition_tracker/service/nutrition_tracker_service.py", line 401, in take_file_name_of_text_file_and_give_text_file
    with open(file_path, 'r') as file:
FileNotFoundError: [Errno 2] No such file or directory: '/Users/afzhalahmed/Documents/GitHub/nutrition-tracker/nutrition_tracker/assets/nutrition_data_20231127T110547.txt'
INFO:werkzeug:127.0.0.1 - - [27/Nov/2023 16:35:47] "[35m[1mPOST /serve_nutrition_data/y/y/n HTTP/1.1[0m" 500 -
DEBUG:nutrition_tracker_controller:Uploaded file saved to: nutrition_data_20231127T110547.txt
ERROR:nutrition_tracker_controller:Error processing nutrition data
Traceback (most recent call last):
  File "/Users/afzhalahmed/Documents/GitHub/nutrition-tracker/nutrition_tracker/controller/nutrition_tracker_controller.py", line 114, in process_nutrition_data
    text_file = nutrition_tracker_service.take_file_name_of_text_file_and_give_text_file(file_path)
  File "/Users/afzhalahmed/Documents/GitHub/nutrition-tracker/nutrition_tracker/service/nutrition_tracker_service.py", line 401, in take_file_name_of_text_file_and_give_text_file
    with open(file_path, 'r') as file:
FileNotFoundError: [Errno 2] No such file or directory: '/Users/afzhalahmed/Documents/GitHub/nutrition-tracker/nutrition_tracker/assets/nutrition_data_20231127T110547.txt'
INFO:werkzeug:127.0.0.1 - - [27/Nov/2023 16:35:47] "[35m[1mPOST /serve_nutrition_data/y/y/n HTTP/1.1[0m" 500 -
DEBUG:nutrition_tracker_controller:Uploaded file saved to: nutrition_data_20231127T110548.txt
ERROR:nutrition_tracker_controller:Error processing nutrition data
Traceback (most recent call last):
  File "/Users/afzhalahmed/Documents/GitHub/nutrition-tracker/nutrition_tracker/controller/nutrition_tracker_controller.py", line 114, in process_nutrition_data
    text_file = nutrition_tracker_service.take_file_name_of_text_file_and_give_text_file(file_path)
  File "/Users/afzhalahmed/Documents/GitHub/nutrition-tracker/nutrition_tracker/service/nutrition_tracker_service.py", line 401, in take_file_name_of_text_file_and_give_text_file
    with open(file_path, 'r') as file:
FileNotFoundError: [Errno 2] No such file or directory: '/Users/afzhalahmed/Documents/GitHub/nutrition-tracker/nutrition_tracker/assets/nutrition_data_20231127T110548.txt'
INFO:werkzeug:127.0.0.1 - - [27/Nov/2023 16:35:48] "[35m[1mPOST /serve_nutrition_data/y/y/n HTTP/1.1[0m" 500 -
INFO:werkzeug:[31m[1mWARNING: This is a development server. Do not use it in a production deployment. Use a production WSGI server instead.[0m
 * Running on http://127.0.0.1:5000
INFO:werkzeug:[33mPress CTRL+C to quit[0m
INFO:werkzeug: * Restarting with stat
WARNING:werkzeug: * Debugger is active!
INFO:werkzeug: * Debugger PIN: 502-264-792
DEBUG:nutrition_tracker_controller:Uploaded file saved to: /Users/afzhalahmed/Documents/GitHub/nutrition-tracker/nutrition_tracker/assets/nutrition_data_20231127T110657.txt
ERROR:nutrition_tracker_controller:Error processing nutrition data
Traceback (most recent call last):
  File "/Users/afzhalahmed/Documents/GitHub/nutrition-tracker/nutrition_tracker/controller/nutrition_tracker_controller.py", line 114, in process_nutrition_data
    text_file = nutrition_tracker_service.take_file_name_of_text_file_and_give_text_file(file_path)
  File "/Users/afzhalahmed/Documents/GitHub/nutrition-tracker/nutrition_tracker/service/nutrition_tracker_service.py", line 401, in take_file_name_of_text_file_and_give_text_file
    with open(file_path, 'r') as file:
FileNotFoundError: [Errno 2] No such file or directory: '/Users/afzhalahmed/Documents/GitHub/nutrition-tracker/nutrition_tracker/assets//Users/afzhalahmed/Documents/GitHub/nutrition-tracker/nutrition_tracker/assets/nutrition_data_20231127T110657.txt'
INFO:werkzeug:127.0.0.1 - - [27/Nov/2023 16:36:57] "[35m[1mPOST /serve_nutrition_data/y/y/n HTTP/1.1[0m" 500 -
INFO:werkzeug:[31m[1mWARNING: This is a development server. Do not use it in a production deployment. Use a production WSGI server instead.[0m
 * Running on http://127.0.0.1:5000
INFO:werkzeug:[33mPress CTRL+C to quit[0m
INFO:werkzeug: * Restarting with stat
WARNING:werkzeug: * Debugger is active!
INFO:werkzeug: * Debugger PIN: 502-264-792
DEBUG:nutrition_tracker_controller:Uploaded file saved to: /Users/afzhalahmed/Documents/GitHub/nutrition-tracker/nutrition_tracker/assets/nutrition_data_20231127T110844
ERROR:nutrition_tracker_controller:Error processing nutrition data
Traceback (most recent call last):
  File "/Users/afzhalahmed/Documents/GitHub/nutrition-tracker/nutrition_tracker/controller/nutrition_tracker_controller.py", line 114, in process_nutrition_data
    text_file = nutrition_tracker_service.take_file_name_of_text_file_and_give_text_file(file_path)
  File "/Users/afzhalahmed/Documents/GitHub/nutrition-tracker/nutrition_tracker/service/nutrition_tracker_service.py", line 401, in take_file_name_of_text_file_and_give_text_file
    with open(file_path, 'r') as file:
FileNotFoundError: [Errno 2] No such file or directory: '/Users/afzhalahmed/Documents/GitHub/nutrition-tracker/nutrition_tracker/assets//Users/afzhalahmed/Documents/GitHub/nutrition-tracker/nutrition_tracker/assets/nutrition_data_20231127T110844'
INFO:werkzeug:127.0.0.1 - - [27/Nov/2023 16:38:44] "[35m[1mPOST /serve_nutrition_data/y/y/n HTTP/1.1[0m" 500 -
INFO:werkzeug: * Detected change in '/Users/afzhalahmed/Documents/GitHub/nutrition-tracker/nutrition_tracker/service/nutrition_tracker_service.py', reloading
INFO:werkzeug: * Restarting with stat
WARNING:werkzeug: * Debugger is active!
INFO:werkzeug: * Debugger PIN: 502-264-792
DEBUG:nutrition_tracker_controller:Uploaded file saved to: /Users/afzhalahmed/Documents/GitHub/nutrition-tracker/nutrition_tracker/assets/nutrition_data_20231127T111048
DEBUG:nutrition_tracker_controller:Result: [{'calories': '13.85 kcal', 'protein': '0.11 g', 'carbohydrates': '3.75 g', 'fat': '0.01 g', 'saturated': '0.01 g', 'polyunsaturated': '0.01 g', 'monounsaturated': '0.01 g', 'potassium': '34.8 mg', 'fiber': '0.41 g', 'sugar': '3.23 g', 'cholesterol': '0.0 mg', 'sodium': '3.3 mg'}, ['MEAL NUMBER: 1', ['Ingredient: dates, Quantity: 5.0'], ('Nutrition Information: ', {'calories': '13.85 kcal', 'protein': '0.11 g', 'carbohydrates': '3.75 g', 'fat': '0.01 g', 'saturated': '0.01 g', 'polyunsaturated': '0.01 g', 'monounsaturated': '0.01 g', 'potassium': '34.8 mg', 'fiber': '0.41 g', 'sugar': '3.23 g', 'cholesterol': '0.0 mg', 'sodium': '3.3 mg'}), 'MEAL NUMBER: 2', ['Ingredient: , Quantity: 1.0'], ('Nutrition Information: ', {'calories': '0 kcal', 'protein': '0 g', 'carbohydrates': '0 g', 'fat': '0 g', 'saturated': '0 g', 'polyunsaturated': '0 g', 'monounsaturated': '0 g', 'potassium': '0 mg', 'fiber': '0 g', 'sugar': '0 g', 'cholesterol': '0 mg', 'sodium': '0 mg'}), ('Message:', [' is not available in the repository.'])]]
INFO:werkzeug:127.0.0.1 - - [27/Nov/2023 16:40:48] "POST /serve_nutrition_data/y/y/n HTTP/1.1" 200 -
DEBUG:nutrition_tracker_controller:Uploaded file saved to: /Users/afzhalahmed/Documents/GitHub/nutrition-tracker/nutrition_tracker/assets/nutrition_data_20231127T111048
DEBUG:nutrition_tracker_controller:Result: [{'calories': '13.85 kcal', 'protein': '0.11 g', 'carbohydrates': '3.75 g', 'fat': '0.01 g', 'saturated': '0.01 g', 'polyunsaturated': '0.01 g', 'monounsaturated': '0.01 g', 'potassium': '34.8 mg', 'fiber': '0.41 g', 'sugar': '3.23 g', 'cholesterol': '0.0 mg', 'sodium': '3.3 mg'}, ['MEAL NUMBER: 1', ['Ingredient: dates, Quantity: 5.0'], ('Nutrition Information: ', {'calories': '13.85 kcal', 'protein': '0.11 g', 'carbohydrates': '3.75 g', 'fat': '0.01 g', 'saturated': '0.01 g', 'polyunsaturated': '0.01 g', 'monounsaturated': '0.01 g', 'potassium': '34.8 mg', 'fiber': '0.41 g', 'sugar': '3.23 g', 'cholesterol': '0.0 mg', 'sodium': '3.3 mg'}), 'MEAL NUMBER: 2', ['Ingredient: , Quantity: 1.0'], ('Nutrition Information: ', {'calories': '0 kcal', 'protein': '0 g', 'carbohydrates': '0 g', 'fat': '0 g', 'saturated': '0 g', 'polyunsaturated': '0 g', 'monounsaturated': '0 g', 'potassium': '0 mg', 'fiber': '0 g', 'sugar': '0 g', 'cholesterol': '0 mg', 'sodium': '0 mg'}), ('Message:', [' is not available in the repository.'])]]
INFO:werkzeug:127.0.0.1 - - [27/Nov/2023 16:40:48] "POST /serve_nutrition_data/y/y/n HTTP/1.1" 200 -
INFO:werkzeug:[31m[1mWARNING: This is a development server. Do not use it in a production deployment. Use a production WSGI server instead.[0m
 * Running on http://127.0.0.1:5000
INFO:werkzeug:[33mPress CTRL+C to quit[0m
INFO:werkzeug: * Restarting with stat
WARNING:werkzeug: * Debugger is active!
INFO:werkzeug: * Debugger PIN: 502-264-792
DEBUG:nutrition_tracker_controller:Uploaded file saved to: /Users/afzhalahmed/Documents/GitHub/nutrition-tracker/nutrition_tracker/assets/nutrition_data_20231127T111111
DEBUG:nutrition_tracker_controller:Result: [{'calories': '13.85 kcal', 'protein': '0.11 g', 'carbohydrates': '3.75 g', 'fat': '0.01 g', 'saturated': '0.01 g', 'polyunsaturated': '0.01 g', 'monounsaturated': '0.01 g', 'potassium': '34.8 mg', 'fiber': '0.41 g', 'sugar': '3.23 g', 'cholesterol': '0.0 mg', 'sodium': '3.3 mg'}, ['MEAL NUMBER: 1', ['Ingredient: dates, Quantity: 5.0'], ('Nutrition Information: ', {'calories': '13.85 kcal', 'protein': '0.11 g', 'carbohydrates': '3.75 g', 'fat': '0.01 g', 'saturated': '0.01 g', 'polyunsaturated': '0.01 g', 'monounsaturated': '0.01 g', 'potassium': '34.8 mg', 'fiber': '0.41 g', 'sugar': '3.23 g', 'cholesterol': '0.0 mg', 'sodium': '3.3 mg'}), 'MEAL NUMBER: 2', ['Ingredient: , Quantity: 1.0'], ('Nutrition Information: ', {'calories': '0 kcal', 'protein': '0 g', 'carbohydrates': '0 g', 'fat': '0 g', 'saturated': '0 g', 'polyunsaturated': '0 g', 'monounsaturated': '0 g', 'potassium': '0 mg', 'fiber': '0 g', 'sugar': '0 g', 'cholesterol': '0 mg', 'sodium': '0 mg'}), ('Message:', [' is not available in the repository.'])]]
INFO:werkzeug:127.0.0.1 - - [27/Nov/2023 16:41:11] "POST /serve_nutrition_data/y/y/n HTTP/1.1" 200 -
DEBUG:nutrition_tracker_controller:Uploaded file saved to: /Users/afzhalahmed/Documents/GitHub/nutrition-tracker/nutrition_tracker/assets/nutrition_data_20231127T114756
DEBUG:nutrition_tracker_controller:Result: [{'calories': '1610.65 kcal', 'protein': '91.91 g', 'carbohydrates': '133.03 g', 'fat': '75.69 g', 'saturated': '23.69 g', 'polyunsaturated': '11.17 g', 'monounsaturated': '28.13 g', 'potassium': '1590.4 mg', 'fiber': '11.33 g', 'sugar': '23.39 g', 'cholesterol': '2564.0 mg', 'sodium': '852.9 mg'}, ['MEAL NUMBER: 1', ['Ingredient: dates, Quantity: 5.0', 'Ingredient: cow_milk, Quantity: 200.0'], ('Nutrition Information: ', {'calories': '135.85 kcal', 'protein': '6.51 g', 'carbohydrates': '13.35 g', 'fat': '6.61 g', 'saturated': '3.61 g', 'polyunsaturated': '0.81 g', 'monounsaturated': '2.21 g', 'potassium': '316.8 mg', 'fiber': '0.41 g', 'sugar': '12.83 g', 'cholesterol': '20.0 mg', 'sodium': '89.3 mg'}), 'MEAL NUMBER: 2', ['Ingredient: whole_boiled_egg, Quantity: 6.0', 'Ingredient: amla, Quantity: 80.0', 'Ingredient: cooked_kodo_millet, Quantity: 180.0'], ('Nutrition Information: ', {'calories': '737.4 kcal', 'protein': '42.7 g', 'carbohydrates': '59.84 g', 'fat': '34.54 g', 'saturated': '10.04 g', 'polyunsaturated': '5.18 g', 'monounsaturated': '12.96 g', 'potassium': '636.8 mg', 'fiber': '5.46 g', 'sugar': '5.28 g', 'cholesterol': '1272.0 mg', 'sodium': '381.8 mg'}), 'MEAL NUMBER: 3', ['Ingredient: whole_boiled_egg, Quantity: 6.0', 'Ingredient: amla, Quantity: 80.0', 'Ingredient: cooked_kodo_millet, Quantity: 180.0'], ('Nutrition Information: ', {'calories': '737.4 kcal', 'protein': '42.7 g', 'carbohydrates': '59.84 g', 'fat': '34.54 g', 'saturated': '10.04 g', 'polyunsaturated': '5.18 g', 'monounsaturated': '12.96 g', 'potassium': '636.8 mg', 'fiber': '5.46 g', 'sugar': '5.28 g', 'cholesterol': '1272.0 mg', 'sodium': '381.8 mg'}), 'MEAL NUMBER: 4', ['Ingredient: , Quantity: 1.0'], ('Nutrition Information: ', {'calories': '0 kcal', 'protein': '0 g', 'carbohydrates': '0 g', 'fat': '0 g', 'saturated': '0 g', 'polyunsaturated': '0 g', 'monounsaturated': '0 g', 'potassium': '0 mg', 'fiber': '0 g', 'sugar': '0 g', 'cholesterol': '0 mg', 'sodium': '0 mg'}), ('Message:', [' is not available in the repository.'])]]
INFO:werkzeug:127.0.0.1 - - [27/Nov/2023 17:17:56] "POST /serve_nutrition_data/y/y/n HTTP/1.1" 200 -
INFO:werkzeug: * Detected change in '/Users/afzhalahmed/Documents/GitHub/nutrition-tracker/nutrition_tracker/controller/nutrition_tracker_controller.py', reloading
INFO:werkzeug: * Restarting with stat
WARNING:werkzeug: * Debugger is active!
INFO:werkzeug: * Debugger PIN: 502-264-792
INFO:werkzeug: * Detected change in '/Users/afzhalahmed/Documents/GitHub/nutrition-tracker/nutrition_tracker/controller/nutrition_tracker_controller.py', reloading
INFO:werkzeug: * Restarting with stat
INFO:werkzeug:[31m[1mWARNING: This is a development server. Do not use it in a production deployment. Use a production WSGI server instead.[0m
 * Running on http://127.0.0.1:5000
INFO:werkzeug:[33mPress CTRL+C to quit[0m
INFO:werkzeug: * Restarting with stat
WARNING:werkzeug: * Debugger is active!
INFO:werkzeug: * Debugger PIN: 502-264-792
DEBUG:nutrition_tracker_controller:Uploaded file saved to: /Users/afzhalahmed/Documents/GitHub/nutrition-tracker/nutrition_tracker/assets/nutrition_data_20231127T120104
DEBUG:nutrition_tracker_controller:Result: [{'calories': '1610.65 kcal', 'protein': '91.91 g', 'carbohydrates': '133.03 g', 'fat': '75.69 g', 'saturated': '23.69 g', 'polyunsaturated': '11.17 g', 'monounsaturated': '28.13 g', 'potassium': '1590.4 mg', 'fiber': '11.33 g', 'sugar': '23.39 g', 'cholesterol': '2564.0 mg', 'sodium': '852.9 mg'}, ['MEAL NUMBER: 1', ['Ingredient: dates, Quantity: 5.0', 'Ingredient: cow_milk, Quantity: 200.0'], ('Nutrition Information: ', {'calories': '135.85 kcal', 'protein': '6.51 g', 'carbohydrates': '13.35 g', 'fat': '6.61 g', 'saturated': '3.61 g', 'polyunsaturated': '0.81 g', 'monounsaturated': '2.21 g', 'potassium': '316.8 mg', 'fiber': '0.41 g', 'sugar': '12.83 g', 'cholesterol': '20.0 mg', 'sodium': '89.3 mg'}), 'MEAL NUMBER: 2', ['Ingredient: whole_boiled_egg, Quantity: 6.0', 'Ingredient: amla, Quantity: 80.0', 'Ingredient: cooked_kodo_millet, Quantity: 180.0'], ('Nutrition Information: ', {'calories': '737.4 kcal', 'protein': '42.7 g', 'carbohydrates': '59.84 g', 'fat': '34.54 g', 'saturated': '10.04 g', 'polyunsaturated': '5.18 g', 'monounsaturated': '12.96 g', 'potassium': '636.8 mg', 'fiber': '5.46 g', 'sugar': '5.28 g', 'cholesterol': '1272.0 mg', 'sodium': '381.8 mg'}), 'MEAL NUMBER: 3', ['Ingredient: whole_boiled_egg, Quantity: 6.0', 'Ingredient: amla, Quantity: 80.0', 'Ingredient: cooked_kodo_millet, Quantity: 180.0'], ('Nutrition Information: ', {'calories': '737.4 kcal', 'protein': '42.7 g', 'carbohydrates': '59.84 g', 'fat': '34.54 g', 'saturated': '10.04 g', 'polyunsaturated': '5.18 g', 'monounsaturated': '12.96 g', 'potassium': '636.8 mg', 'fiber': '5.46 g', 'sugar': '5.28 g', 'cholesterol': '1272.0 mg', 'sodium': '381.8 mg'}), 'MEAL NUMBER: 4', ['Ingredient: , Quantity: 1.0'], ('Nutrition Information: ', {'calories': '0 kcal', 'protein': '0 g', 'carbohydrates': '0 g', 'fat': '0 g', 'saturated': '0 g', 'polyunsaturated': '0 g', 'monounsaturated': '0 g', 'potassium': '0 mg', 'fiber': '0 g', 'sugar': '0 g', 'cholesterol': '0 mg', 'sodium': '0 mg'}), ('Message:', [' is not available in the repository.'])]]
INFO:werkzeug:127.0.0.1 - - [27/Nov/2023 17:31:04] "POST /serve_nutrition_data/y/y/n HTTP/1.1" 200 -
DEBUG:nutrition_tracker_controller:Uploaded file saved to: /Users/afzhalahmed/Documents/GitHub/nutrition-tracker/nutrition_tracker/assets/nutrition_data_20231127T124828
DEBUG:nutrition_tracker_controller:Result: [{'calories': '1610.65 kcal', 'protein': '91.91 g', 'carbohydrates': '133.03 g', 'fat': '75.69 g', 'saturated': '23.69 g', 'polyunsaturated': '11.17 g', 'monounsaturated': '28.13 g', 'potassium': '1590.4 mg', 'fiber': '11.33 g', 'sugar': '23.39 g', 'cholesterol': '2564.0 mg', 'sodium': '852.9 mg'}, ['MEAL NUMBER: 1', ['Ingredient: dates, Quantity: 5.0', 'Ingredient: cow_milk, Quantity: 200.0'], ('Nutrition Information: ', {'calories': '135.85 kcal', 'protein': '6.51 g', 'carbohydrates': '13.35 g', 'fat': '6.61 g', 'saturated': '3.61 g', 'polyunsaturated': '0.81 g', 'monounsaturated': '2.21 g', 'potassium': '316.8 mg', 'fiber': '0.41 g', 'sugar': '12.83 g', 'cholesterol': '20.0 mg', 'sodium': '89.3 mg'}), 'MEAL NUMBER: 2', ['Ingredient: whole_boiled_egg, Quantity: 6.0', 'Ingredient: amla, Quantity: 80.0', 'Ingredient: cooked_kodo_millet, Quantity: 180.0'], ('Nutrition Information: ', {'calories': '737.4 kcal', 'protein': '42.7 g', 'carbohydrates': '59.84 g', 'fat': '34.54 g', 'saturated': '10.04 g', 'polyunsaturated': '5.18 g', 'monounsaturated': '12.96 g', 'potassium': '636.8 mg', 'fiber': '5.46 g', 'sugar': '5.28 g', 'cholesterol': '1272.0 mg', 'sodium': '381.8 mg'}), 'MEAL NUMBER: 3', ['Ingredient: whole_boiled_egg, Quantity: 6.0', 'Ingredient: amla, Quantity: 80.0', 'Ingredient: cooked_kodo_millet, Quantity: 180.0'], ('Nutrition Information: ', {'calories': '737.4 kcal', 'protein': '42.7 g', 'carbohydrates': '59.84 g', 'fat': '34.54 g', 'saturated': '10.04 g', 'polyunsaturated': '5.18 g', 'monounsaturated': '12.96 g', 'potassium': '636.8 mg', 'fiber': '5.46 g', 'sugar': '5.28 g', 'cholesterol': '1272.0 mg', 'sodium': '381.8 mg'}), 'MEAL NUMBER: 4', ['Ingredient: , Quantity: 1.0'], ('Nutrition Information: ', {'calories': '0 kcal', 'protein': '0 g', 'carbohydrates': '0 g', 'fat': '0 g', 'saturated': '0 g', 'polyunsaturated': '0 g', 'monounsaturated': '0 g', 'potassium': '0 mg', 'fiber': '0 g', 'sugar': '0 g', 'cholesterol': '0 mg', 'sodium': '0 mg'}), ('Message:', [' is not available in the repository.'])]]
INFO:werkzeug:127.0.0.1 - - [27/Nov/2023 18:18:28] "POST /serve_nutrition_data/y/y/n HTTP/1.1" 200 -
DEBUG:nutrition_tracker_controller:Uploaded file saved to: /Users/afzhalahmed/Documents/GitHub/nutrition-tracker/nutrition_tracker/assets/nutrition_data_20231127T124829
DEBUG:nutrition_tracker_controller:Result: [{'calories': '1610.65 kcal', 'protein': '91.91 g', 'carbohydrates': '133.03 g', 'fat': '75.69 g', 'saturated': '23.69 g', 'polyunsaturated': '11.17 g', 'monounsaturated': '28.13 g', 'potassium': '1590.4 mg', 'fiber': '11.33 g', 'sugar': '23.39 g', 'cholesterol': '2564.0 mg', 'sodium': '852.9 mg'}, ['MEAL NUMBER: 1', ['Ingredient: dates, Quantity: 5.0', 'Ingredient: cow_milk, Quantity: 200.0'], ('Nutrition Information: ', {'calories': '135.85 kcal', 'protein': '6.51 g', 'carbohydrates': '13.35 g', 'fat': '6.61 g', 'saturated': '3.61 g', 'polyunsaturated': '0.81 g', 'monounsaturated': '2.21 g', 'potassium': '316.8 mg', 'fiber': '0.41 g', 'sugar': '12.83 g', 'cholesterol': '20.0 mg', 'sodium': '89.3 mg'}), 'MEAL NUMBER: 2', ['Ingredient: whole_boiled_egg, Quantity: 6.0', 'Ingredient: amla, Quantity: 80.0', 'Ingredient: cooked_kodo_millet, Quantity: 180.0'], ('Nutrition Information: ', {'calories': '737.4 kcal', 'protein': '42.7 g', 'carbohydrates': '59.84 g', 'fat': '34.54 g', 'saturated': '10.04 g', 'polyunsaturated': '5.18 g', 'monounsaturated': '12.96 g', 'potassium': '636.8 mg', 'fiber': '5.46 g', 'sugar': '5.28 g', 'cholesterol': '1272.0 mg', 'sodium': '381.8 mg'}), 'MEAL NUMBER: 3', ['Ingredient: whole_boiled_egg, Quantity: 6.0', 'Ingredient: amla, Quantity: 80.0', 'Ingredient: cooked_kodo_millet, Quantity: 180.0'], ('Nutrition Information: ', {'calories': '737.4 kcal', 'protein': '42.7 g', 'carbohydrates': '59.84 g', 'fat': '34.54 g', 'saturated': '10.04 g', 'polyunsaturated': '5.18 g', 'monounsaturated': '12.96 g', 'potassium': '636.8 mg', 'fiber': '5.46 g', 'sugar': '5.28 g', 'cholesterol': '1272.0 mg', 'sodium': '381.8 mg'}), 'MEAL NUMBER: 4', ['Ingredient: , Quantity: 1.0'], ('Nutrition Information: ', {'calories': '0 kcal', 'protein': '0 g', 'carbohydrates': '0 g', 'fat': '0 g', 'saturated': '0 g', 'polyunsaturated': '0 g', 'monounsaturated': '0 g', 'potassium': '0 mg', 'fiber': '0 g', 'sugar': '0 g', 'cholesterol': '0 mg', 'sodium': '0 mg'}), ('Message:', [' is not available in the repository.'])]]
INFO:werkzeug:127.0.0.1 - - [27/Nov/2023 18:18:29] "POST /serve_nutrition_data/y/y/n HTTP/1.1" 200 -
INFO:werkzeug:[31m[1mWARNING: This is a development server. Do not use it in a production deployment. Use a production WSGI server instead.[0m
 * Running on http://127.0.0.1:5000
INFO:werkzeug:[33mPress CTRL+C to quit[0m
INFO:werkzeug: * Restarting with stat
WARNING:werkzeug: * Debugger is active!
INFO:werkzeug: * Debugger PIN: 502-264-792
DEBUG:nutrition_tracker_controller:Uploaded file saved to: /Users/afzhalahmed/Documents/GitHub/nutrition-tracker/nutrition_tracker/assets/nutrition_data_20231127T125158
DEBUG:nutrition_tracker_controller:Result: [{'calories': '1610.65 kcal', 'protein': '91.91 g', 'carbohydrates': '133.03 g', 'fat': '75.69 g', 'saturated': '23.69 g', 'polyunsaturated': '11.17 g', 'monounsaturated': '28.13 g', 'potassium': '1590.4 mg', 'fiber': '11.33 g', 'sugar': '23.39 g', 'cholesterol': '2564.0 mg', 'sodium': '852.9 mg'}, ['MEAL NUMBER: 1', ['Ingredient: dates, Quantity: 5.0', 'Ingredient: cow_milk, Quantity: 200.0'], ('Nutrition Information: ', {'calories': '135.85 kcal', 'protein': '6.51 g', 'carbohydrates': '13.35 g', 'fat': '6.61 g', 'saturated': '3.61 g', 'polyunsaturated': '0.81 g', 'monounsaturated': '2.21 g', 'potassium': '316.8 mg', 'fiber': '0.41 g', 'sugar': '12.83 g', 'cholesterol': '20.0 mg', 'sodium': '89.3 mg'}), 'MEAL NUMBER: 2', ['Ingredient: whole_boiled_egg, Quantity: 6.0', 'Ingredient: amla, Quantity: 80.0', 'Ingredient: cooked_kodo_millet, Quantity: 180.0'], ('Nutrition Information: ', {'calories': '737.4 kcal', 'protein': '42.7 g', 'carbohydrates': '59.84 g', 'fat': '34.54 g', 'saturated': '10.04 g', 'polyunsaturated': '5.18 g', 'monounsaturated': '12.96 g', 'potassium': '636.8 mg', 'fiber': '5.46 g', 'sugar': '5.28 g', 'cholesterol': '1272.0 mg', 'sodium': '381.8 mg'}), 'MEAL NUMBER: 3', ['Ingredient: whole_boiled_egg, Quantity: 6.0', 'Ingredient: amla, Quantity: 80.0', 'Ingredient: cooked_kodo_millet, Quantity: 180.0'], ('Nutrition Information: ', {'calories': '737.4 kcal', 'protein': '42.7 g', 'carbohydrates': '59.84 g', 'fat': '34.54 g', 'saturated': '10.04 g', 'polyunsaturated': '5.18 g', 'monounsaturated': '12.96 g', 'potassium': '636.8 mg', 'fiber': '5.46 g', 'sugar': '5.28 g', 'cholesterol': '1272.0 mg', 'sodium': '381.8 mg'}), 'MEAL NUMBER: 4', ['Ingredient: , Quantity: 1.0'], ('Nutrition Information: ', {'calories': '0 kcal', 'protein': '0 g', 'carbohydrates': '0 g', 'fat': '0 g', 'saturated': '0 g', 'polyunsaturated': '0 g', 'monounsaturated': '0 g', 'potassium': '0 mg', 'fiber': '0 g', 'sugar': '0 g', 'cholesterol': '0 mg', 'sodium': '0 mg'}), ('Message:', [' is not available in the repository.'])]]
INFO:werkzeug:127.0.0.1 - - [27/Nov/2023 18:21:58] "POST /serve_nutrition_data/y/y/n HTTP/1.1" 200 -
INFO:werkzeug:127.0.0.1 - - [27/Nov/2023 18:25:45] "[33mPOST /serve_nutrition_data/2/20231127T125545 HTTP/1.1[0m" 404 -
DEBUG:nutrition_tracker_controller:Uploaded file saved to: /Users/afzhalahmed/Documents/GitHub/nutrition-tracker/nutrition_tracker/assets/nutrition_data_20231127T125917
DEBUG:nutrition_tracker_controller:Result: [{'calories': '70.6 kcal', 'protein': '0.43 g', 'carbohydrates': '19.12 g', 'fat': '0.04 g', 'saturated': '0.02 g', 'polyunsaturated': '0.02 g', 'monounsaturated': '0.02 g', 'potassium': '142.95 mg', 'fiber': '1.62 g', 'sugar': '17.02 g', 'cholesterol': '0.0 mg', 'sodium': '19.4 mg'}, ['MEAL NUMBER: 1', ['Ingredient: dates, Quantity: 20.0', 'Ingredient: water, Quantity: 1.0'], ('Nutrition Information: ', {'calories': '55.4 kcal', 'protein': '0.42 g', 'carbohydrates': '15.0 g', 'fat': '0.04 g', 'saturated': '0.02 g', 'polyunsaturated': '0.02 g', 'monounsaturated': '0.02 g', 'potassium': '139.2 mg', 'fiber': '1.62 g', 'sugar': '12.9 g', 'cholesterol': '0.0 mg', 'sodium': '19.2 mg'}), 'MEAL NUMBER: 2', ['Ingredient: honey, Quantity: 5.0'], ('Nutrition Information: ', {'calories': '15.2 kcal', 'protein': '0.01 g', 'carbohydrates': '4.12 g', 'fat': '0.0 g', 'saturated': '0.0 g', 'polyunsaturated': '0.0 g', 'monounsaturated': '0.0 g', 'potassium': '3.75 mg', 'fiber': '0.0 g', 'sugar': '4.12 g', 'cholesterol': '0.0 mg', 'sodium': '0.2 mg'}), 'MEAL NUMBER: 3', ['Ingredient: , Quantity: 1.0'], ('Nutrition Information: ', {'calories': '0 kcal', 'protein': '0 g', 'carbohydrates': '0 g', 'fat': '0 g', 'saturated': '0 g', 'polyunsaturated': '0 g', 'monounsaturated': '0 g', 'potassium': '0 mg', 'fiber': '0 g', 'sugar': '0 g', 'cholesterol': '0 mg', 'sodium': '0 mg'}), ('Message:', [' is not available in the repository.'])]]
INFO:werkzeug:127.0.0.1 - - [27/Nov/2023 18:29:17] "POST /serve_nutrition_data/y/y/n HTTP/1.1" 200 -
DEBUG:nutrition_tracker_controller:Uploaded file saved to: /Users/afzhalahmed/Documents/GitHub/nutrition-tracker/nutrition_tracker/assets/nutrition_data_20231127T130211
DEBUG:nutrition_tracker_controller:Result: [{'calories': '26.01 kcal', 'protein': '0.12 g', 'carbohydrates': '7.05 g', 'fat': '0.01 g', 'saturated': '0.01 g', 'polyunsaturated': '0.01 g', 'monounsaturated': '0.01 g', 'potassium': '37.8 mg', 'fiber': '0.41 g', 'sugar': '6.53 g', 'cholesterol': '0.0 mg', 'sodium': '3.46 mg'}, ['MEAL NUMBER: 1', ['Ingredient: dates, Quantity: 5.0'], ('Nutrition Information: ', {'calories': '13.85 kcal', 'protein': '0.11 g', 'carbohydrates': '3.75 g', 'fat': '0.01 g', 'saturated': '0.01 g', 'polyunsaturated': '0.01 g', 'monounsaturated': '0.01 g', 'potassium': '34.8 mg', 'fiber': '0.41 g', 'sugar': '3.23 g', 'cholesterol': '0.0 mg', 'sodium': '3.3 mg'}), 'MEAL NUMBER: 2', ['Ingredient: honey, Quantity: 4.0'], ('Nutrition Information: ', {'calories': '12.16 kcal', 'protein': '0.01 g', 'carbohydrates': '3.3 g', 'fat': '0.0 g', 'saturated': '0.0 g', 'polyunsaturated': '0.0 g', 'monounsaturated': '0.0 g', 'potassium': '3.0 mg', 'fiber': '0.0 g', 'sugar': '3.3 g', 'cholesterol': '0.0 mg', 'sodium': '0.16 mg'}), 'MEAL NUMBER: 3', ['Ingredient: , Quantity: 1.0'], ('Nutrition Information: ', {'calories': '0 kcal', 'protein': '0 g', 'carbohydrates': '0 g', 'fat': '0 g', 'saturated': '0 g', 'polyunsaturated': '0 g', 'monounsaturated': '0 g', 'potassium': '0 mg', 'fiber': '0 g', 'sugar': '0 g', 'cholesterol': '0 mg', 'sodium': '0 mg'}), ('Message:', [' is not available in the repository.'])]]
INFO:werkzeug:127.0.0.1 - - [27/Nov/2023 18:32:11] "POST /serve_nutrition_data/y/y/n HTTP/1.1" 200 -
DEBUG:nutrition_tracker_controller:Uploaded file saved to: /Users/afzhalahmed/Documents/GitHub/nutrition-tracker/nutrition_tracker/assets/nutrition_data_20231127T130329
DEBUG:nutrition_tracker_controller:Result: [{'calories': '15.2 kcal', 'protein': '0.01 g', 'carbohydrates': '4.12 g', 'fat': '0.0 g', 'saturated': '0.0 g', 'polyunsaturated': '0.0 g', 'monounsaturated': '0.0 g', 'potassium': '3.75 mg', 'fiber': '0.0 g', 'sugar': '4.12 g', 'cholesterol': '0.0 mg', 'sodium': '0.2 mg'}, ['MEAL NUMBER: 1', ['Ingredient: honey, Quantity: 5.0'], ('Nutrition Information: ', {'calories': '15.2 kcal', 'protein': '0.01 g', 'carbohydrates': '4.12 g', 'fat': '0.0 g', 'saturated': '0.0 g', 'polyunsaturated': '0.0 g', 'monounsaturated': '0.0 g', 'potassium': '3.75 mg', 'fiber': '0.0 g', 'sugar': '4.12 g', 'cholesterol': '0.0 mg', 'sodium': '0.2 mg'}), 'MEAL NUMBER: 2', ['Ingredient: , Quantity: 1.0'], ('Nutrition Information: ', {'calories': '0 kcal', 'protein': '0 g', 'carbohydrates': '0 g', 'fat': '0 g', 'saturated': '0 g', 'polyunsaturated': '0 g', 'monounsaturated': '0 g', 'potassium': '0 mg', 'fiber': '0 g', 'sugar': '0 g', 'cholesterol': '0 mg', 'sodium': '0 mg'}), ('Message:', [' is not available in the repository.'])]]
INFO:werkzeug:127.0.0.1 - - [27/Nov/2023 18:33:29] "POST /serve_nutrition_data/y/y/n HTTP/1.1" 200 -
DEBUG:nutrition_tracker_controller:Uploaded file saved to: /Users/afzhalahmed/Documents/GitHub/nutrition-tracker/nutrition_tracker/assets/nutrition_data_20231127T131331
DEBUG:nutrition_tracker_controller:Result: [{'calories': '15.2 kcal', 'protein': '0.01 g', 'carbohydrates': '4.12 g', 'fat': '0.0 g', 'saturated': '0.0 g', 'polyunsaturated': '0.0 g', 'monounsaturated': '0.0 g', 'potassium': '3.75 mg', 'fiber': '0.0 g', 'sugar': '4.12 g', 'cholesterol': '0.0 mg', 'sodium': '0.2 mg'}, ['MEAL NUMBER: 1', ['Ingredient: honey, Quantity: 5.0'], ('Nutrition Information: ', {'calories': '15.2 kcal', 'protein': '0.01 g', 'carbohydrates': '4.12 g', 'fat': '0.0 g', 'saturated': '0.0 g', 'polyunsaturated': '0.0 g', 'monounsaturated': '0.0 g', 'potassium': '3.75 mg', 'fiber': '0.0 g', 'sugar': '4.12 g', 'cholesterol': '0.0 mg', 'sodium': '0.2 mg'}), 'MEAL NUMBER: 2', ['Ingredient: , Quantity: 1.0'], ('Nutrition Information: ', {'calories': '0 kcal', 'protein': '0 g', 'carbohydrates': '0 g', 'fat': '0 g', 'saturated': '0 g', 'polyunsaturated': '0 g', 'monounsaturated': '0 g', 'potassium': '0 mg', 'fiber': '0 g', 'sugar': '0 g', 'cholesterol': '0 mg', 'sodium': '0 mg'}), ('Message:', [' is not available in the repository.'])]]
INFO:werkzeug:127.0.0.1 - - [27/Nov/2023 18:43:31] "POST /serve_nutrition_data/y/y/n HTTP/1.1" 200 -
INFO:werkzeug:[31m[1mWARNING: This is a development server. Do not use it in a production deployment. Use a production WSGI server instead.[0m
 * Running on http://127.0.0.1:5000
INFO:werkzeug:[33mPress CTRL+C to quit[0m
INFO:werkzeug: * Restarting with stat
WARNING:werkzeug: * Debugger is active!
INFO:werkzeug: * Debugger PIN: 502-264-792
DEBUG:nutrition_tracker_controller:Uploaded file saved to: /Users/afzhalahmed/Documents/GitHub/nutrition-tracker/nutrition_tracker/assets/nutrition_data_20231127T132004
DEBUG:nutrition_tracker_controller:Result: [{'calories': '42.9 kcal', 'protein': '0.22 g', 'carbohydrates': '11.62 g', 'fat': '0.02 g', 'saturated': '0.01 g', 'polyunsaturated': '0.01 g', 'monounsaturated': '0.01 g', 'potassium': '73.35 mg', 'fiber': '0.81 g', 'sugar': '10.57 g', 'cholesterol': '0.0 mg', 'sodium': '6.8 mg'}, ['MEAL NUMBER: 1', ['Ingredient: dates, Quantity: 10.0'], ('Nutrition Information: ', {'calories': '27.7 kcal', 'protein': '0.21 g', 'carbohydrates': '7.5 g', 'fat': '0.02 g', 'saturated': '0.01 g', 'polyunsaturated': '0.01 g', 'monounsaturated': '0.01 g', 'potassium': '69.6 mg', 'fiber': '0.81 g', 'sugar': '6.45 g', 'cholesterol': '0.0 mg', 'sodium': '6.6 mg'}), 'MEAL NUMBER: 2', ['Ingredient: honey, Quantity: 5.0'], ('Nutrition Information: ', {'calories': '15.2 kcal', 'protein': '0.01 g', 'carbohydrates': '4.12 g', 'fat': '0.0 g', 'saturated': '0.0 g', 'polyunsaturated': '0.0 g', 'monounsaturated': '0.0 g', 'potassium': '3.75 mg', 'fiber': '0.0 g', 'sugar': '4.12 g', 'cholesterol': '0.0 mg', 'sodium': '0.2 mg'}), 'MEAL NUMBER: 3', ['Ingredient: , Quantity: 1.0'], ('Nutrition Information: ', {'calories': '0 kcal', 'protein': '0 g', 'carbohydrates': '0 g', 'fat': '0 g', 'saturated': '0 g', 'polyunsaturated': '0 g', 'monounsaturated': '0 g', 'potassium': '0 mg', 'fiber': '0 g', 'sugar': '0 g', 'cholesterol': '0 mg', 'sodium': '0 mg'}), ('Message:', [' is not available in the repository.'])]]
INFO:werkzeug:127.0.0.1 - - [27/Nov/2023 18:50:04] "POST /serve_nutrition_data/y/y/n HTTP/1.1" 200 -
DEBUG:nutrition_tracker_controller:Uploaded file saved to: /Users/afzhalahmed/Documents/GitHub/nutrition-tracker/nutrition_tracker/assets/nutrition_data_20231127T132358
DEBUG:nutrition_tracker_controller:Result: [{'calories': '29.05 kcal', 'protein': '0.12 g', 'carbohydrates': '7.87 g', 'fat': '0.01 g', 'saturated': '0.01 g', 'polyunsaturated': '0.01 g', 'monounsaturated': '0.01 g', 'potassium': '38.55 mg', 'fiber': '0.41 g', 'sugar': '7.35 g', 'cholesterol': '0.0 mg', 'sodium': '3.5 mg'}, ['MEAL NUMBER: 1', ['Ingredient: dates, Quantity: 5.0'], ('Nutrition Information: ', {'calories': '13.85 kcal', 'protein': '0.11 g', 'carbohydrates': '3.75 g', 'fat': '0.01 g', 'saturated': '0.01 g', 'polyunsaturated': '0.01 g', 'monounsaturated': '0.01 g', 'potassium': '34.8 mg', 'fiber': '0.41 g', 'sugar': '3.23 g', 'cholesterol': '0.0 mg', 'sodium': '3.3 mg'}), 'MEAL NUMBER: 2', ['Ingredient: honey, Quantity: 5.0'], ('Nutrition Information: ', {'calories': '15.2 kcal', 'protein': '0.01 g', 'carbohydrates': '4.12 g', 'fat': '0.0 g', 'saturated': '0.0 g', 'polyunsaturated': '0.0 g', 'monounsaturated': '0.0 g', 'potassium': '3.75 mg', 'fiber': '0.0 g', 'sugar': '4.12 g', 'cholesterol': '0.0 mg', 'sodium': '0.2 mg'}), 'MEAL NUMBER: 3', ['Ingredient: , Quantity: 1.0'], ('Nutrition Information: ', {'calories': '0 kcal', 'protein': '0 g', 'carbohydrates': '0 g', 'fat': '0 g', 'saturated': '0 g', 'polyunsaturated': '0 g', 'monounsaturated': '0 g', 'potassium': '0 mg', 'fiber': '0 g', 'sugar': '0 g', 'cholesterol': '0 mg', 'sodium': '0 mg'}), ('Message:', [' is not available in the repository.'])]]
INFO:werkzeug:127.0.0.1 - - [27/Nov/2023 18:53:58] "POST /serve_nutrition_data/y/y/n HTTP/1.1" 200 -
DEBUG:nutrition_tracker_controller:Uploaded file saved to: /Users/afzhalahmed/Documents/GitHub/nutrition-tracker/nutrition_tracker/assets/nutrition_data_20231127T132450
DEBUG:nutrition_tracker_controller:Result: [{'calories': '29.05 kcal', 'protein': '0.12 g', 'carbohydrates': '7.87 g', 'fat': '0.01 g', 'saturated': '0.01 g', 'polyunsaturated': '0.01 g', 'monounsaturated': '0.01 g', 'potassium': '38.55 mg', 'fiber': '0.41 g', 'sugar': '7.35 g', 'cholesterol': '0.0 mg', 'sodium': '3.5 mg'}, ['MEAL NUMBER: 1', ['Ingredient: dates, Quantity: 5.0'], ('Nutrition Information: ', {'calories': '13.85 kcal', 'protein': '0.11 g', 'carbohydrates': '3.75 g', 'fat': '0.01 g', 'saturated': '0.01 g', 'polyunsaturated': '0.01 g', 'monounsaturated': '0.01 g', 'potassium': '34.8 mg', 'fiber': '0.41 g', 'sugar': '3.23 g', 'cholesterol': '0.0 mg', 'sodium': '3.3 mg'}), 'MEAL NUMBER: 2', ['Ingredient: honey, Quantity: 5.0'], ('Nutrition Information: ', {'calories': '15.2 kcal', 'protein': '0.01 g', 'carbohydrates': '4.12 g', 'fat': '0.0 g', 'saturated': '0.0 g', 'polyunsaturated': '0.0 g', 'monounsaturated': '0.0 g', 'potassium': '3.75 mg', 'fiber': '0.0 g', 'sugar': '4.12 g', 'cholesterol': '0.0 mg', 'sodium': '0.2 mg'}), 'MEAL NUMBER: 3', ['Ingredient: , Quantity: 1.0'], ('Nutrition Information: ', {'calories': '0 kcal', 'protein': '0 g', 'carbohydrates': '0 g', 'fat': '0 g', 'saturated': '0 g', 'polyunsaturated': '0 g', 'monounsaturated': '0 g', 'potassium': '0 mg', 'fiber': '0 g', 'sugar': '0 g', 'cholesterol': '0 mg', 'sodium': '0 mg'}), ('Message:', [' is not available in the repository.'])]]
INFO:werkzeug:127.0.0.1 - - [27/Nov/2023 18:54:50] "POST /serve_nutrition_data/y/y/n HTTP/1.1" 200 -
DEBUG:nutrition_tracker_controller:Uploaded file saved to: /Users/afzhalahmed/Documents/GitHub/nutrition-tracker/nutrition_tracker/assets/nutrition_data_20231127T132456
DEBUG:nutrition_tracker_controller:Result: [{'calories': '29.05 kcal', 'protein': '0.12 g', 'carbohydrates': '7.87 g', 'fat': '0.01 g', 'saturated': '0.01 g', 'polyunsaturated': '0.01 g', 'monounsaturated': '0.01 g', 'potassium': '38.55 mg', 'fiber': '0.41 g', 'sugar': '7.35 g', 'cholesterol': '0.0 mg', 'sodium': '9.5 mg'}, ['MEAL NUMBER: 1', ['Ingredient: dates, Quantity: 5.0'], ('Nutrition Information: ', {'calories': '13.85 kcal', 'protein': '0.11 g', 'carbohydrates': '3.75 g', 'fat': '0.01 g', 'saturated': '0.01 g', 'polyunsaturated': '0.01 g', 'monounsaturated': '0.01 g', 'potassium': '34.8 mg', 'fiber': '0.41 g', 'sugar': '3.23 g', 'cholesterol': '0.0 mg', 'sodium': '3.3 mg'}), 'MEAL NUMBER: 2', ['Ingredient: honey, Quantity: 5.0'], ('Nutrition Information: ', {'calories': '15.2 kcal', 'protein': '0.01 g', 'carbohydrates': '4.12 g', 'fat': '0.0 g', 'saturated': '0.0 g', 'polyunsaturated': '0.0 g', 'monounsaturated': '0.0 g', 'potassium': '3.75 mg', 'fiber': '0.0 g', 'sugar': '4.12 g', 'cholesterol': '0.0 mg', 'sodium': '0.2 mg'}), 'MEAL NUMBER: 3', ['Ingredient: water, Quantity: 1.0'], ('Nutrition Information: ', {'calories': '0.0 kcal', 'protein': '0.0 g', 'carbohydrates': '0.0 g', 'fat': '0.0 g', 'saturated': '0.0 g', 'polyunsaturated': '0.0 g', 'monounsaturated': '0.0 g', 'potassium': '0.0 mg', 'fiber': '0.0 g', 'sugar': '0.0 g', 'cholesterol': '0.0 mg', 'sodium': '6.0 mg'}), 'MEAL NUMBER: 4', ['Ingredient: , Quantity: 1.0'], ('Nutrition Information: ', {'calories': '0 kcal', 'protein': '0 g', 'carbohydrates': '0 g', 'fat': '0 g', 'saturated': '0 g', 'polyunsaturated': '0 g', 'monounsaturated': '0 g', 'potassium': '0 mg', 'fiber': '0 g', 'sugar': '0 g', 'cholesterol': '0 mg', 'sodium': '0 mg'}), ('Message:', [' is not available in the repository.'])]]
INFO:werkzeug:127.0.0.1 - - [27/Nov/2023 18:54:56] "POST /serve_nutrition_data/y/y/n HTTP/1.1" 200 -
DEBUG:nutrition_tracker_controller:Uploaded file saved to: /Users/afzhalahmed/Documents/GitHub/nutrition-tracker/nutrition_tracker/assets/nutrition_data_20231127T132536
DEBUG:nutrition_tracker_controller:Result: [{'calories': '13.85 kcal', 'protein': '0.11 g', 'carbohydrates': '3.75 g', 'fat': '0.01 g', 'saturated': '0.01 g', 'polyunsaturated': '0.01 g', 'monounsaturated': '0.01 g', 'potassium': '34.8 mg', 'fiber': '0.41 g', 'sugar': '3.23 g', 'cholesterol': '0.0 mg', 'sodium': '3.3 mg'}, ['MEAL NUMBER: 1', ['Ingredient: dates, Quantity: 5.0'], ('Nutrition Information: ', {'calories': '13.85 kcal', 'protein': '0.11 g', 'carbohydrates': '3.75 g', 'fat': '0.01 g', 'saturated': '0.01 g', 'polyunsaturated': '0.01 g', 'monounsaturated': '0.01 g', 'potassium': '34.8 mg', 'fiber': '0.41 g', 'sugar': '3.23 g', 'cholesterol': '0.0 mg', 'sodium': '3.3 mg'}), 'MEAL NUMBER: 2', ['Ingredient: , Quantity: 1.0'], ('Nutrition Information: ', {'calories': '0 kcal', 'protein': '0 g', 'carbohydrates': '0 g', 'fat': '0 g', 'saturated': '0 g', 'polyunsaturated': '0 g', 'monounsaturated': '0 g', 'potassium': '0 mg', 'fiber': '0 g', 'sugar': '0 g', 'cholesterol': '0 mg', 'sodium': '0 mg'}), ('Message:', [' is not available in the repository.'])]]
INFO:werkzeug:127.0.0.1 - - [27/Nov/2023 18:55:36] "POST /serve_nutrition_data/y/y/n HTTP/1.1" 200 -
DEBUG:nutrition_tracker_controller:Uploaded file saved to: nov_10_2023_data
DEBUG:nutrition_tracker_controller:Result: [{'calories': '3915.47 kcal', 'protein': '215.63 g', 'carbohydrates': '510.74 g', 'fat': '106.54 g', 'saturated': '31.66 g', 'polyunsaturated': '21.63 g', 'monounsaturated': '41.88 g', 'potassium': '5027.49 mg', 'fiber': '33.65 g', 'sugar': '89.06 g', 'cholesterol': '1554.0 mg', 'sodium': '1597.74 mg'}, ['MEAL NUMBER: 1', ['Ingredient: dates, Quantity: 5.0', 'Ingredient: cow_milk, Quantity: 200.0'], ('Nutrition Information: ', {'calories': '135.85 kcal', 'protein': '6.51 g', 'carbohydrates': '13.35 g', 'fat': '6.61 g', 'saturated': '3.61 g', 'polyunsaturated': '0.81 g', 'monounsaturated': '2.21 g', 'potassium': '316.8 mg', 'fiber': '0.41 g', 'sugar': '12.83 g', 'cholesterol': '20.0 mg', 'sodium': '89.3 mg'}), 'MEAL NUMBER: 2', ['Ingredient: whole_boiled_egg, Quantity: 6.0', 'Ingredient: amla, Quantity: 80.0', 'Ingredient: cooked_kodo_millet, Quantity: 180.0'], ('Nutrition Information: ', {'calories': '737.4 kcal', 'protein': '42.7 g', 'carbohydrates': '59.84 g', 'fat': '34.54 g', 'saturated': '10.04 g', 'polyunsaturated': '5.18 g', 'monounsaturated': '12.96 g', 'potassium': '636.8 mg', 'fiber': '5.46 g', 'sugar': '5.28 g', 'cholesterol': '1272.0 mg', 'sodium': '381.8 mg'}), 'MEAL NUMBER: 3', ['Ingredient: uncooked_oats, Quantity: 50.0', 'Ingredient: on_gs_c, Quantity: 1.25', 'Ingredient: cinnamon_powder, Quantity: 1.0', 'Ingredient: salt, Quantity: 1.0', 'Ingredient: peanut_butter, Quantity: 20.0', 'Ingredient: honey, Quantity: 10.0', 'Ingredient: banana, Quantity: 160.0', 'Ingredient: dates, Quantity: 20.0', 'Ingredient: walnuts, Quantity: 5.0', 'Ingredient: almonds, Quantity: 5.0', 'Ingredient: raisins, Quantity: 3.0'], ('Nutrition Information: ', {'calories': '779.82 kcal', 'protein': '46.0 g', 'carbohydrates': '104.33 g', 'fat': '22.91 g', 'saturated': '3.06 g', 'polyunsaturated': '7.86 g', 'monounsaturated': '10.15 g', 'potassium': '1483.77 mg', 'fiber': '13.38 g', 'sugar': '47.43 g', 'cholesterol': '75.0 mg', 'sodium': '100.84 mg'}), ('Message:', ['cinnamon_powder is not available in the repository.', 'salt is not available in the repository.']), 'MEAL NUMBER: 4', ['Ingredient: cooked_rice, Quantity: 550.0', 'Ingredient: cooked_chicken_normal_cut, Quantity: 100.0', 'Ingredient: curd, Quantity: 140.0'], ('Nutrition Information: ', {'calories': '1052.0 kcal', 'protein': '45.31 g', 'carbohydrates': '160.72 g', 'fat': '19.7 g', 'saturated': '7.05 g', 'polyunsaturated': '3.59 g', 'monounsaturated': '7.43 g', 'potassium': '791.62 mg', 'fiber': '2.2 g', 'sugar': '7.27 g', 'cholesterol': '94.0 mg', 'sodium': '173.3 mg'}), 'MEAL NUMBER: 5', ['Ingredient: cooked_rice, Quantity: 250.0', 'Ingredient: albumen, Quantity: 6.0'], ('Nutrition Information: ', {'calories': '427.0 kcal', 'protein': '28.35 g', 'carbohydrates': '73.6 g', 'fat': '1.1 g', 'saturated': '0.25 g', 'polyunsaturated': '0.25 g', 'monounsaturated': '0.85 g', 'potassium': '843.5 mg', 'fiber': '1.0 g', 'sugar': '0.25 g', 'cholesterol': '0.0 mg', 'sodium': '314.5 mg'}), 'MEAL NUMBER: 6', ['Ingredient: cooked_wheat_chapati, Quantity: 160.0', 'Ingredient: cooked_chicken_normal_cut, Quantity: 100.0'], ('Nutrition Information: ', {'calories': '661.4 kcal', 'protein': '40.36 g', 'carbohydrates': '89.3 g', 'fat': '15.08 g', 'saturated': '4.05 g', 'polyunsaturated': '3.14 g', 'monounsaturated': '6.08 g', 'potassium': '673.0 mg', 'fiber': '11.2 g', 'sugar': '6.4 g', 'cholesterol': '73.0 mg', 'sodium': '431.0 mg'}), 'MEAL NUMBER: 7', ['Ingredient: cow_milk, Quantity: 200.0'], ('Nutrition Information: ', {'calories': '122.0 kcal', 'protein': '6.4 g', 'carbohydrates': '9.6 g', 'fat': '6.6 g', 'saturated': '3.6 g', 'polyunsaturated': '0.8 g', 'monounsaturated': '2.2 g', 'potassium': '282.0 mg', 'fiber': '0.0 g', 'sugar': '9.6 g', 'cholesterol': '20.0 mg', 'sodium': '86.0 mg'}), 'MEAL NUMBER: 8', ['Ingredient: water, Quantity: 3.5'], ('Nutrition Information: ', {'calories': '0.0 kcal', 'protein': '0.0 g', 'carbohydrates': '0.0 g', 'fat': '0.0 g', 'saturated': '0.0 g', 'polyunsaturated': '0.0 g', 'monounsaturated': '0.0 g', 'potassium': '0.0 mg', 'fiber': '0.0 g', 'sugar': '0.0 g', 'cholesterol': '0.0 mg', 'sodium': '21.0 mg'})]]
INFO:werkzeug:127.0.0.1 - - [27/Nov/2023 18:57:01] "POST /serve_nutrition_data/y/y/n HTTP/1.1" 200 -
DEBUG:nutrition_tracker_controller:Uploaded file saved to: /Users/afzhalahmed/Documents/GitHub/nutrition-tracker/nutrition_tracker/assets/nutrition_data_20231127T132819
DEBUG:nutrition_tracker_controller:Result: [{'calories': '13.85 kcal', 'protein': '0.11 g', 'carbohydrates': '3.75 g', 'fat': '0.01 g', 'saturated': '0.01 g', 'polyunsaturated': '0.01 g', 'monounsaturated': '0.01 g', 'potassium': '34.8 mg', 'fiber': '0.41 g', 'sugar': '3.23 g', 'cholesterol': '0.0 mg', 'sodium': '3.3 mg'}, ['MEAL NUMBER: 1', ['Ingredient: dates, Quantity: 5.0'], ('Nutrition Information: ', {'calories': '13.85 kcal', 'protein': '0.11 g', 'carbohydrates': '3.75 g', 'fat': '0.01 g', 'saturated': '0.01 g', 'polyunsaturated': '0.01 g', 'monounsaturated': '0.01 g', 'potassium': '34.8 mg', 'fiber': '0.41 g', 'sugar': '3.23 g', 'cholesterol': '0.0 mg', 'sodium': '3.3 mg'}), 'MEAL NUMBER: 2', ['Ingredient: , Quantity: 1.0'], ('Nutrition Information: ', {'calories': '0 kcal', 'protein': '0 g', 'carbohydrates': '0 g', 'fat': '0 g', 'saturated': '0 g', 'polyunsaturated': '0 g', 'monounsaturated': '0 g', 'potassium': '0 mg', 'fiber': '0 g', 'sugar': '0 g', 'cholesterol': '0 mg', 'sodium': '0 mg'}), ('Message:', [' is not available in the repository.']), 'MEAL NUMBER: 3', ['Ingredient: , Quantity: 1.0'], ('Nutrition Information: ', {'calories': '0 kcal', 'protein': '0 g', 'carbohydrates': '0 g', 'fat': '0 g', 'saturated': '0 g', 'polyunsaturated': '0 g', 'monounsaturated': '0 g', 'potassium': '0 mg', 'fiber': '0 g', 'sugar': '0 g', 'cholesterol': '0 mg', 'sodium': '0 mg'}), ('Message:', [' is not available in the repository.'])]]
INFO:werkzeug:127.0.0.1 - - [27/Nov/2023 18:58:19] "POST /serve_nutrition_data/y/y/n HTTP/1.1" 200 -
INFO:werkzeug:[31m[1mWARNING: This is a development server. Do not use it in a production deployment. Use a production WSGI server instead.[0m
 * Running on http://127.0.0.1:5000
INFO:werkzeug:[33mPress CTRL+C to quit[0m
INFO:werkzeug: * Restarting with stat
WARNING:werkzeug: * Debugger is active!
INFO:werkzeug: * Debugger PIN: 132-349-197
INFO:nutrition_tracker_controller:Testing the /test endpoint
INFO:werkzeug:127.0.0.1 - - [28/Nov/2023 12:09:58] "GET /test HTTP/1.1" 200 -
DEBUG:nutrition_tracker_controller:Uploaded file saved to: nov_10_2023_data
DEBUG:nutrition_tracker_controller:Result: [{'calories': '3915.47 kcal', 'protein': '215.63 g', 'carbohydrates': '510.74 g', 'fat': '106.54 g', 'saturated': '31.66 g', 'polyunsaturated': '21.63 g', 'monounsaturated': '41.88 g', 'potassium': '5027.49 mg', 'fiber': '33.65 g', 'sugar': '89.06 g', 'cholesterol': '1554.0 mg', 'sodium': '1597.74 mg'}, ['MEAL NUMBER: 1', ['Ingredient: dates, Quantity: 5.0', 'Ingredient: cow_milk, Quantity: 200.0'], ('Nutrition Information: ', {'calories': '135.85 kcal', 'protein': '6.51 g', 'carbohydrates': '13.35 g', 'fat': '6.61 g', 'saturated': '3.61 g', 'polyunsaturated': '0.81 g', 'monounsaturated': '2.21 g', 'potassium': '316.8 mg', 'fiber': '0.41 g', 'sugar': '12.83 g', 'cholesterol': '20.0 mg', 'sodium': '89.3 mg'}), 'MEAL NUMBER: 2', ['Ingredient: whole_boiled_egg, Quantity: 6.0', 'Ingredient: amla, Quantity: 80.0', 'Ingredient: cooked_kodo_millet, Quantity: 180.0'], ('Nutrition Information: ', {'calories': '737.4 kcal', 'protein': '42.7 g', 'carbohydrates': '59.84 g', 'fat': '34.54 g', 'saturated': '10.04 g', 'polyunsaturated': '5.18 g', 'monounsaturated': '12.96 g', 'potassium': '636.8 mg', 'fiber': '5.46 g', 'sugar': '5.28 g', 'cholesterol': '1272.0 mg', 'sodium': '381.8 mg'}), 'MEAL NUMBER: 3', ['Ingredient: uncooked_oats, Quantity: 50.0', 'Ingredient: on_gs_c, Quantity: 1.25', 'Ingredient: cinnamon_powder, Quantity: 1.0', 'Ingredient: salt, Quantity: 1.0', 'Ingredient: peanut_butter, Quantity: 20.0', 'Ingredient: honey, Quantity: 10.0', 'Ingredient: banana, Quantity: 160.0', 'Ingredient: dates, Quantity: 20.0', 'Ingredient: walnuts, Quantity: 5.0', 'Ingredient: almonds, Quantity: 5.0', 'Ingredient: raisins, Quantity: 3.0'], ('Nutrition Information: ', {'calories': '779.82 kcal', 'protein': '46.0 g', 'carbohydrates': '104.33 g', 'fat': '22.91 g', 'saturated': '3.06 g', 'polyunsaturated': '7.86 g', 'monounsaturated': '10.15 g', 'potassium': '1483.77 mg', 'fiber': '13.38 g', 'sugar': '47.43 g', 'cholesterol': '75.0 mg', 'sodium': '100.84 mg'}), ('Message:', ['cinnamon_powder is not available in the repository.', 'salt is not available in the repository.']), 'MEAL NUMBER: 4', ['Ingredient: cooked_rice, Quantity: 550.0', 'Ingredient: cooked_chicken_normal_cut, Quantity: 100.0', 'Ingredient: curd, Quantity: 140.0'], ('Nutrition Information: ', {'calories': '1052.0 kcal', 'protein': '45.31 g', 'carbohydrates': '160.72 g', 'fat': '19.7 g', 'saturated': '7.05 g', 'polyunsaturated': '3.59 g', 'monounsaturated': '7.43 g', 'potassium': '791.62 mg', 'fiber': '2.2 g', 'sugar': '7.27 g', 'cholesterol': '94.0 mg', 'sodium': '173.3 mg'}), 'MEAL NUMBER: 5', ['Ingredient: cooked_rice, Quantity: 250.0', 'Ingredient: albumen, Quantity: 6.0'], ('Nutrition Information: ', {'calories': '427.0 kcal', 'protein': '28.35 g', 'carbohydrates': '73.6 g', 'fat': '1.1 g', 'saturated': '0.25 g', 'polyunsaturated': '0.25 g', 'monounsaturated': '0.85 g', 'potassium': '843.5 mg', 'fiber': '1.0 g', 'sugar': '0.25 g', 'cholesterol': '0.0 mg', 'sodium': '314.5 mg'}), 'MEAL NUMBER: 6', ['Ingredient: cooked_wheat_chapati, Quantity: 160.0', 'Ingredient: cooked_chicken_normal_cut, Quantity: 100.0'], ('Nutrition Information: ', {'calories': '661.4 kcal', 'protein': '40.36 g', 'carbohydrates': '89.3 g', 'fat': '15.08 g', 'saturated': '4.05 g', 'polyunsaturated': '3.14 g', 'monounsaturated': '6.08 g', 'potassium': '673.0 mg', 'fiber': '11.2 g', 'sugar': '6.4 g', 'cholesterol': '73.0 mg', 'sodium': '431.0 mg'}), 'MEAL NUMBER: 7', ['Ingredient: cow_milk, Quantity: 200.0'], ('Nutrition Information: ', {'calories': '122.0 kcal', 'protein': '6.4 g', 'carbohydrates': '9.6 g', 'fat': '6.6 g', 'saturated': '3.6 g', 'polyunsaturated': '0.8 g', 'monounsaturated': '2.2 g', 'potassium': '282.0 mg', 'fiber': '0.0 g', 'sugar': '9.6 g', 'cholesterol': '20.0 mg', 'sodium': '86.0 mg'}), 'MEAL NUMBER: 8', ['Ingredient: water, Quantity: 3.5'], ('Nutrition Information: ', {'calories': '0.0 kcal', 'protein': '0.0 g', 'carbohydrates': '0.0 g', 'fat': '0.0 g', 'saturated': '0.0 g', 'polyunsaturated': '0.0 g', 'monounsaturated': '0.0 g', 'potassium': '0.0 mg', 'fiber': '0.0 g', 'sugar': '0.0 g', 'cholesterol': '0.0 mg', 'sodium': '21.0 mg'})]]
INFO:werkzeug:127.0.0.1 - - [28/Nov/2023 12:10:03] "POST /serve_nutrition_data/y/y/n HTTP/1.1" 200 -
DEBUG:nutrition_tracker_controller:Uploaded file saved to: /Users/afzhalahmed/Documents/GitHub/nutrition-tracker/nutrition_tracker/assets/nutrition_data_20231128T064054
DEBUG:nutrition_tracker_controller:Result: [{'calories': '13.85 kcal', 'protein': '0.11 g', 'carbohydrates': '3.75 g', 'fat': '0.01 g', 'saturated': '0.01 g', 'polyunsaturated': '0.01 g', 'monounsaturated': '0.01 g', 'potassium': '34.8 mg', 'fiber': '0.41 g', 'sugar': '3.23 g', 'cholesterol': '0.0 mg', 'sodium': '3.3 mg'}, ['MEAL NUMBER: 1', ['Ingredient: dates, Quantity: 5.0'], ('Nutrition Information: ', {'calories': '13.85 kcal', 'protein': '0.11 g', 'carbohydrates': '3.75 g', 'fat': '0.01 g', 'saturated': '0.01 g', 'polyunsaturated': '0.01 g', 'monounsaturated': '0.01 g', 'potassium': '34.8 mg', 'fiber': '0.41 g', 'sugar': '3.23 g', 'cholesterol': '0.0 mg', 'sodium': '3.3 mg'}), 'MEAL NUMBER: 2', ['Ingredient: , Quantity: 1.0'], ('Nutrition Information: ', {'calories': '0 kcal', 'protein': '0 g', 'carbohydrates': '0 g', 'fat': '0 g', 'saturated': '0 g', 'polyunsaturated': '0 g', 'monounsaturated': '0 g', 'potassium': '0 mg', 'fiber': '0 g', 'sugar': '0 g', 'cholesterol': '0 mg', 'sodium': '0 mg'}), ('Message:', [' is not available in the repository.'])]]
INFO:werkzeug:127.0.0.1 - - [28/Nov/2023 12:10:54] "POST /serve_nutrition_data/y/y/n HTTP/1.1" 200 -
DEBUG:nutrition_tracker_controller:Uploaded file saved to: /Users/afzhalahmed/Documents/GitHub/nutrition-tracker/nutrition_tracker/assets/nutrition_data_20231128T064431
DEBUG:nutrition_tracker_controller:Result: [{'calories': '459.4 kcal', 'protein': '2.28 g', 'carbohydrates': '124.44 g', 'fat': '0.2 g', 'saturated': '0.1 g', 'polyunsaturated': '0.1 g', 'monounsaturated': '0.1 g', 'potassium': '741.0 mg', 'fiber': '8.1 g', 'sugar': '113.94 g', 'cholesterol': '0.0 mg', 'sodium': '68.4 mg'}, ['MEAL NUMBER: 1', ['Ingredient: dates, Quantity: 100.0'], ('Nutrition Information: ', {'calories': '277.0 kcal', 'protein': '2.1 g', 'carbohydrates': '75.0 g', 'fat': '0.2 g', 'saturated': '0.1 g', 'polyunsaturated': '0.1 g', 'monounsaturated': '0.1 g', 'potassium': '696.0 mg', 'fiber': '8.1 g', 'sugar': '64.5 g', 'cholesterol': '0.0 mg', 'sodium': '66.0 mg'}), 'MEAL NUMBER: 2', ['Ingredient: honey, Quantity: 60.0'], ('Nutrition Information: ', {'calories': '182.4 kcal', 'protein': '0.18 g', 'carbohydrates': '49.44 g', 'fat': '0.0 g', 'saturated': '0.0 g', 'polyunsaturated': '0.0 g', 'monounsaturated': '0.0 g', 'potassium': '45.0 mg', 'fiber': '0.0 g', 'sugar': '49.44 g', 'cholesterol': '0.0 mg', 'sodium': '2.4 mg'})]]
INFO:werkzeug:127.0.0.1 - - [28/Nov/2023 12:14:31] "POST /serve_nutrition_data/y/y/n HTTP/1.1" 200 -
DEBUG:nutrition_tracker_controller:Uploaded file saved to: /Users/afzhalahmed/Documents/GitHub/nutrition-tracker/nutrition_tracker/assets/nutrition_data_20231128T064747
DEBUG:nutrition_tracker_controller:Result: [{'calories': '156.74 kcal', 'protein': '1.07 g', 'carbohydrates': '42.44 g', 'fat': '0.1 g', 'saturated': '0.05 g', 'polyunsaturated': '0.05 g', 'monounsaturated': '0.05 g', 'potassium': '352.5 mg', 'fiber': '4.05 g', 'sugar': '37.19 g', 'cholesterol': '0.0 mg', 'sodium': '33.24 mg'}, ['MEAL NUMBER: 1', ['Ingredient: dates, Quantity: 50.0'], ('Nutrition Information: ', {'calories': '138.5 kcal', 'protein': '1.05 g', 'carbohydrates': '37.5 g', 'fat': '0.1 g', 'saturated': '0.05 g', 'polyunsaturated': '0.05 g', 'monounsaturated': '0.05 g', 'potassium': '348.0 mg', 'fiber': '4.05 g', 'sugar': '32.25 g', 'cholesterol': '0.0 mg', 'sodium': '33.0 mg'}), 'MEAL NUMBER: 2', ['Ingredient: honey, Quantity: 6.0'], ('Nutrition Information: ', {'calories': '18.24 kcal', 'protein': '0.02 g', 'carbohydrates': '4.94 g', 'fat': '0.0 g', 'saturated': '0.0 g', 'polyunsaturated': '0.0 g', 'monounsaturated': '0.0 g', 'potassium': '4.5 mg', 'fiber': '0.0 g', 'sugar': '4.94 g', 'cholesterol': '0.0 mg', 'sodium': '0.24 mg'})]]
INFO:werkzeug:127.0.0.1 - - [28/Nov/2023 12:17:47] "POST /serve_nutrition_data/y/y/n HTTP/1.1" 200 -
DEBUG:nutrition_tracker_controller:Uploaded file saved to: /Users/afzhalahmed/Documents/GitHub/nutrition-tracker/nutrition_tracker/assets/nutrition_data_20231128T064835
DEBUG:nutrition_tracker_controller:Result: [{'calories': '42.9 kcal', 'protein': '0.22 g', 'carbohydrates': '11.62 g', 'fat': '0.02 g', 'saturated': '0.01 g', 'polyunsaturated': '0.01 g', 'monounsaturated': '0.01 g', 'potassium': '73.35 mg', 'fiber': '0.81 g', 'sugar': '10.57 g', 'cholesterol': '0.0 mg', 'sodium': '6.8 mg'}, ['MEAL NUMBER: 1', ['Ingredient: dates, Quantity: 10.0'], ('Nutrition Information: ', {'calories': '27.7 kcal', 'protein': '0.21 g', 'carbohydrates': '7.5 g', 'fat': '0.02 g', 'saturated': '0.01 g', 'polyunsaturated': '0.01 g', 'monounsaturated': '0.01 g', 'potassium': '69.6 mg', 'fiber': '0.81 g', 'sugar': '6.45 g', 'cholesterol': '0.0 mg', 'sodium': '6.6 mg'}), 'MEAL NUMBER: 2', ['Ingredient: honey, Quantity: 5.0'], ('Nutrition Information: ', {'calories': '15.2 kcal', 'protein': '0.01 g', 'carbohydrates': '4.12 g', 'fat': '0.0 g', 'saturated': '0.0 g', 'polyunsaturated': '0.0 g', 'monounsaturated': '0.0 g', 'potassium': '3.75 mg', 'fiber': '0.0 g', 'sugar': '4.12 g', 'cholesterol': '0.0 mg', 'sodium': '0.2 mg'})]]
INFO:werkzeug:127.0.0.1 - - [28/Nov/2023 12:18:35] "POST /serve_nutrition_data/y/y/n HTTP/1.1" 200 -
DEBUG:nutrition_tracker_controller:Uploaded file saved to: /Users/afzhalahmed/Documents/GitHub/nutrition-tracker/nutrition_tracker/assets/nutrition_data_20231128T071136
DEBUG:nutrition_tracker_controller:Result: [{'calories': '42.9 kcal', 'protein': '0.22 g', 'carbohydrates': '11.62 g', 'fat': '0.02 g', 'saturated': '0.01 g', 'polyunsaturated': '0.01 g', 'monounsaturated': '0.01 g', 'potassium': '73.35 mg', 'fiber': '0.81 g', 'sugar': '10.57 g', 'cholesterol': '0.0 mg', 'sodium': '6.8 mg'}, ['MEAL NUMBER: 1', ['Ingredient: dates, Quantity: 10.0'], ('Nutrition Information: ', {'calories': '27.7 kcal', 'protein': '0.21 g', 'carbohydrates': '7.5 g', 'fat': '0.02 g', 'saturated': '0.01 g', 'polyunsaturated': '0.01 g', 'monounsaturated': '0.01 g', 'potassium': '69.6 mg', 'fiber': '0.81 g', 'sugar': '6.45 g', 'cholesterol': '0.0 mg', 'sodium': '6.6 mg'}), 'MEAL NUMBER: 2', ['Ingredient: honey, Quantity: 5.0', 'Ingredient: whole_boiled_eggs, Quantity: 6.0'], ('Nutrition Information: ', {'calories': '15.2 kcal', 'protein': '0.01 g', 'carbohydrates': '4.12 g', 'fat': '0.0 g', 'saturated': '0.0 g', 'polyunsaturated': '0.0 g', 'monounsaturated': '0.0 g', 'potassium': '3.75 mg', 'fiber': '0.0 g', 'sugar': '4.12 g', 'cholesterol': '0.0 mg', 'sodium': '0.2 mg'}), ('Message:', ['whole_boiled_eggs is not available in the repository.'])]]
INFO:werkzeug:127.0.0.1 - - [28/Nov/2023 12:41:36] "POST /serve_nutrition_data/y/y/n HTTP/1.1" 200 -
DEBUG:nutrition_tracker_controller:Uploaded file saved to: /Users/afzhalahmed/Documents/GitHub/nutrition-tracker/nutrition_tracker/assets/nutrition_data_20231128T071145
DEBUG:nutrition_tracker_controller:Result: [{'calories': '510.9 kcal', 'protein': '36.22 g', 'carbohydrates': '15.82 g', 'fat': '31.82 g', 'saturated': '9.61 g', 'polyunsaturated': '4.21 g', 'monounsaturated': '12.01 g', 'potassium': '451.35 mg', 'fiber': '0.81 g', 'sugar': '14.77 g', 'cholesterol': '1272.0 mg', 'sodium': '378.8 mg'}, ['MEAL NUMBER: 1', ['Ingredient: dates, Quantity: 10.0'], ('Nutrition Information: ', {'calories': '27.7 kcal', 'protein': '0.21 g', 'carbohydrates': '7.5 g', 'fat': '0.02 g', 'saturated': '0.01 g', 'polyunsaturated': '0.01 g', 'monounsaturated': '0.01 g', 'potassium': '69.6 mg', 'fiber': '0.81 g', 'sugar': '6.45 g', 'cholesterol': '0.0 mg', 'sodium': '6.6 mg'}), 'MEAL NUMBER: 2', ['Ingredient: honey, Quantity: 5.0', 'Ingredient: whole_boiled_egg, Quantity: 6.0'], ('Nutrition Information: ', {'calories': '483.2 kcal', 'protein': '36.01 g', 'carbohydrates': '8.32 g', 'fat': '31.8 g', 'saturated': '9.6 g', 'polyunsaturated': '4.2 g', 'monounsaturated': '12.0 g', 'potassium': '381.75 mg', 'fiber': '0.0 g', 'sugar': '8.32 g', 'cholesterol': '1272.0 mg', 'sodium': '372.2 mg'})]]
INFO:werkzeug:127.0.0.1 - - [28/Nov/2023 12:41:45] "POST /serve_nutrition_data/y/y/n HTTP/1.1" 200 -
